Current game: 0
[ 14, 6, 4, 2 ]
Current game: 1
[ 21, 24, 5, 2 ]
Current game: 2
[ 25, 24, 9, 20 ]
Current game: 3
[ 29, 37, 12, 26 ]
Current game: 4
[ 54, 37, 13, 26 ]
Current game: 5
[ 68, 46, 13, 29 ]
Current game: 6
[ 90, 50, 13, 29 ]
Current game: 7
[ 90, 51, 38, 29 ]
Current game: 8
[ 95, 70, 39, 30 ]
Current game: 9
[ 117, 70, 43, 30 ]
Current game: 10
[ 127, 70, 43, 46 ]
Current game: 11
[ 148, 70, 45, 49 ]
Current game: 12
[ 166, 70, 45, 57 ]
Current game: 13
[ 170, 74, 45, 75 ]
Current game: 14
[ 175, 76, 62, 77 ]
Current game: 15
[ 177, 85, 62, 92 ]
Current game: 16
[ 188, 86, 75, 93 ]
Current game: 17
[ 191, 90, 94, 93 ]
Current game: 18
[ 209, 90, 95, 100 ]
Current game: 19
[ 209, 90, 119, 102 ]
Current game: 20
[ 223, 92, 126, 105 ]
Current game: 21
[ 226, 106, 131, 109 ]
Current game: 22
[ 235, 107, 132, 124 ]
Current game: 23
[ 255, 107, 133, 129 ]
Current game: 24
[ 260, 123, 138, 129 ]
Current game: 25
[ 261, 139, 143, 133 ]
Current game: 26
[ 283, 139, 143, 137 ]
Current game: 27
[ 308, 140, 143, 137 ]
Current game: 28
[ 315, 145, 143, 151 ]
Current game: 29
[ 322, 163, 143, 152 ]
Current game: 30
[ 337, 167, 150, 152 ]
Current game: 31
[ 361, 167, 151, 153 ]
Current game: 32
[ 372, 168, 165, 153 ]
Current game: 33
[ 375, 173, 179, 157 ]
Current game: 34
[ 384, 175, 193, 158 ]
Current game: 35
[ 388, 176, 196, 176 ]
Current game: 36
[ 411, 178, 197, 176 ]
Current game: 37
[ 434, 181, 197, 176 ]
Current game: 38
[ 450, 185, 199, 180 ]
Current game: 39
[ 471, 185, 204, 180 ]
Current game: 40
[ 490, 189, 204, 183 ]
Current game: 41
[ 511, 193, 205, 183 ]
Current game: 42
[ 517, 193, 225, 183 ]
Current game: 43
[ 533, 196, 228, 187 ]
Current game: 44
[ 551, 200, 228, 191 ]
Current game: 45
[ 570, 201, 229, 196 ]
Current game: 46
[ 589, 202, 231, 200 ]
Current game: 47
[ 603, 202, 243, 200 ]
Current game: 48
[ 616, 206, 251, 201 ]
Current game: 49
[ 621, 206, 251, 222 ]
Current game: 50
[ 638, 210, 256, 222 ]
Current game: 51
[ 641, 210, 256, 245 ]
Current game: 52
[ 661, 210, 262, 245 ]
Current game: 53
[ 676, 214, 263, 251 ]
Current game: 54
[ 679, 214, 271, 266 ]
Current game: 55
[ 703, 215, 272, 266 ]
Current game: 56
[ 715, 215, 272, 280 ]
Current game: 57
[ 717, 229, 272, 290 ]
Current game: 58
[ 720, 229, 294, 291 ]
Current game: 59
[ 726, 248, 295, 291 ]
Current game: 60
[ 726, 266, 299, 295 ]
Current game: 61
[ 747, 267, 299, 299 ]
Current game: 62
[ 768, 271, 299, 300 ]
Current game: 63
[ 771, 278, 315, 300 ]
Current game: 64
[ 794, 279, 317, 300 ]
Current game: 65
[ 812, 280, 324, 300 ]
Current game: 66
[ 815, 285, 324, 318 ]
Current game: 67
[ 834, 285, 331, 318 ]
Current game: 68
[ 855, 290, 331, 318 ]
Current game: 69
[ 871, 290, 341, 318 ]
Current game: 70
[ 872, 294, 341, 339 ]
Current game: 71
[ 878, 294, 360, 340 ]
Current game: 72
[ 884, 294, 376, 344 ]
Current game: 73
[ 901, 295, 383, 345 ]
Current game: 74
[ 923, 299, 383, 345 ]
Current game: 75
[ 941, 299, 383, 353 ]
Current game: 76
[ 961, 299, 389, 353 ]
Current game: 77
[ 984, 300, 389, 355 ]
Current game: 78
[ 988, 301, 408, 357 ]
Current game: 79
[ 1002, 305, 410, 363 ]
Current game: 80
[ 1014, 305, 411, 376 ]
Current game: 81
[ 1029, 313, 411, 379 ]
Current game: 82
[ 1038, 316, 412, 392 ]
Current game: 83
[ 1039, 316, 412, 417 ]
Current game: 84
[ 1061, 316, 416, 417 ]
Current game: 85
[ 1061, 317, 416, 442 ]
Current game: 86
[ 1062, 317, 440, 443 ]
Current game: 87
[ 1063, 329, 453, 443 ]
Current game: 88
[ 1086, 330, 453, 445 ]
Current game: 89
[ 1090, 330, 453, 467 ]
Current game: 90
[ 1109, 331, 453, 473 ]
Current game: 91
[ 1114, 331, 469, 478 ]
Current game: 92
[ 1136, 333, 469, 480 ]
Current game: 93
[ 1158, 333, 469, 484 ]
Current game: 94
[ 1168, 349, 469, 484 ]
Current game: 95
[ 1181, 356, 475, 484 ]
Current game: 96
[ 1188, 357, 493, 484 ]
Current game: 97
[ 1192, 357, 501, 498 ]
Current game: 98
[ 1208, 362, 502, 502 ]
Current game: 99
[ 1227, 367, 503, 503 ]
Current game: 100
[ 1248, 372, 503, 503 ]
Current game: 101
[ 1261, 372, 516, 503 ]
Current game: 102
[ 1264, 372, 520, 522 ]
Current game: 103
[ 1285, 372, 521, 526 ]
Current game: 104
[ 1290, 372, 522, 546 ]
Current game: 105
[ 1306, 372, 528, 550 ]
Current game: 106
[ 1310, 389, 528, 555 ]
Current game: 107
[ 1315, 402, 534, 557 ]
Current game: 108
[ 1334, 403, 540, 557 ]
Current game: 109
[ 1350, 409, 540, 561 ]
Current game: 110
[ 1365, 409, 542, 570 ]
Current game: 111
[ 1366, 410, 562, 574 ]
Current game: 112
[ 1386, 410, 566, 576 ]
Current game: 113
[ 1391, 410, 587, 576 ]
Current game: 114
[ 1395, 410, 608, 577 ]
Current game: 115
[ 1403, 411, 625, 577 ]
Current game: 116
[ 1403, 416, 645, 578 ]
Current game: 117
[ 1409, 416, 648, 595 ]
Current game: 118
[ 1415, 416, 664, 599 ]
Current game: 119
[ 1428, 416, 672, 604 ]
Current game: 120
[ 1429, 416, 679, 622 ]
Current game: 121
[ 1433, 416, 695, 628 ]
Current game: 122
[ 1449, 424, 695, 630 ]
Current game: 123
[ 1470, 424, 696, 634 ]
Current game: 124
[ 1490, 425, 701, 634 ]
Current game: 125
[ 1500, 427, 701, 648 ]
Current game: 126
[ 1513, 428, 713, 648 ]
Current game: 127
[ 1521, 443, 713, 651 ]
Current game: 128
[ 1538, 443, 714, 659 ]
Current game: 129
[ 1544, 444, 733, 659 ]
Current game: 130
[ 1550, 446, 748, 662 ]
Current game: 131
[ 1563, 447, 758, 664 ]
Current game: 132
[ 1572, 450, 759, 677 ]
Current game: 133
[ 1585, 450, 772, 677 ]
Current game: 134
[ 1597, 450, 786, 677 ]
Current game: 135
[ 1615, 451, 793, 677 ]
Current game: 136
[ 1620, 451, 793, 698 ]
Current game: 137
[ 1624, 453, 812, 699 ]
Current game: 138
[ 1634, 454, 827, 699 ]
Current game: 139
[ 1643, 467, 827, 703 ]
Current game: 140
[ 1665, 470, 827, 704 ]
Current game: 141
[ 1674, 471, 829, 718 ]
Current game: 142
[ 1686, 471, 843, 718 ]
Current game: 143
[ 1691, 475, 860, 718 ]
Current game: 144
[ 1711, 479, 860, 720 ]
Current game: 145
[ 1713, 493, 863, 727 ]
Current game: 146
[ 1732, 495, 863, 732 ]
Current game: 147
[ 1752, 500, 863, 733 ]
Current game: 148
[ 1752, 500, 864, 758 ]
Current game: 149
[ 1772, 503, 864, 761 ]
Current game: 150
[ 1789, 503, 868, 766 ]
Current game: 151
[ 1815, 503, 894, 792 ]
Current game: 152
[ 1820, 510, 894, 806 ]
Current game: 153
[ 1841, 514, 895, 806 ]
Current game: 154
[ 1841, 540, 921, 832 ]
Current game: 155
[ 1842, 540, 935, 843 ]
Current game: 156
[ 1850, 540, 950, 846 ]
Current game: 157
[ 1854, 555, 954, 849 ]
Current game: 158
[ 1859, 555, 960, 864 ]
Current game: 159
[ 1879, 559, 961, 865 ]
Current game: 160
[ 1882, 574, 961, 873 ]
Current game: 161
[ 1884, 577, 982, 873 ]
Current game: 162
[ 1888, 579, 985, 890 ]
Current game: 163
[ 1889, 579, 987, 913 ]
Current game: 164
[ 1898, 592, 991, 913 ]
Current game: 165
[ 1911, 603, 992, 914 ]
Current game: 166
[ 1918, 607, 1007, 914 ]
Current game: 167
[ 1933, 607, 1012, 920 ]
Current game: 168
[ 1936, 607, 1016, 939 ]
Current game: 169
[ 1940, 607, 1016, 961 ]
Current game: 170
[ 1940, 607, 1041, 962 ]
Current game: 171
[ 1948, 612, 1054, 962 ]
Current game: 172
[ 1949, 612, 1055, 986 ]
Current game: 173
[ 1974, 612, 1056, 986 ]
Current game: 174
[ 1974, 619, 1060, 1001 ]
Current game: 175
[ 1984, 619, 1060, 1017 ]
Current game: 176
[ 1988, 619, 1068, 1031 ]
Current game: 177
[ 2010, 621, 1068, 1033 ]
Current game: 178
[ 2024, 632, 1069, 1033 ]
Current game: 179
[ 2024, 632, 1092, 1036 ]
Current game: 180
[ 2041, 636, 1094, 1039 ]
Current game: 181
[ 2047, 637, 1107, 1045 ]
Current game: 182
[ 2049, 651, 1111, 1051 ]
Current game: 183
[ 2073, 651, 1113, 1051 ]
Current game: 184
[ 2080, 652, 1131, 1051 ]
Current game: 185
[ 2083, 652, 1140, 1065 ]
Current game: 186
[ 2086, 652, 1161, 1067 ]
Current game: 187
[ 2109, 655, 1161, 1067 ]
Current game: 188
[ 2114, 656, 1180, 1068 ]
Current game: 189
[ 2118, 671, 1183, 1072 ]
Current game: 190
[ 2144, 671, 1209, 1098 ]
Current game: 191
[ 2148, 672, 1209, 1119 ]
Current game: 192
[ 2167, 672, 1215, 1120 ]
Current game: 193
[ 2171, 676, 1231, 1122 ]
Current game: 194
[ 2188, 679, 1231, 1128 ]
Current game: 195
[ 2206, 679, 1231, 1136 ]
Current game: 196
[ 2210, 680, 1234, 1154 ]
Current game: 197
[ 2214, 694, 1234, 1162 ]
Current game: 198
[ 2232, 698, 1236, 1164 ]
Current game: 199
[ 2232, 702, 1236, 1186 ]
Current game: 200
[ 2249, 711, 1236, 1186 ]
Current game: 201
[ 2250, 724, 1236, 1198 ]
Current game: 202
[ 2251, 724, 1258, 1201 ]
Current game: 203
[ 2260, 739, 1258, 1203 ]
Current game: 204
[ 2268, 739, 1263, 1216 ]
Current game: 205
[ 2279, 739, 1263, 1231 ]
Current game: 206
[ 2286, 744, 1276, 1232 ]
Current game: 207
[ 2290, 744, 1290, 1240 ]
Current game: 208
[ 2296, 745, 1309, 1240 ]
Current game: 209
[ 2306, 746, 1323, 1241 ]
Current game: 210
[ 2326, 750, 1324, 1242 ]
Current game: 211
[ 2349, 750, 1326, 1243 ]
Current game: 212
[ 2373, 750, 1326, 1245 ]
Current game: 213
[ 2392, 750, 1327, 1251 ]
Current game: 214
[ 2398, 750, 1327, 1271 ]
Current game: 215
[ 2417, 750, 1331, 1274 ]
Current game: 216
[ 2418, 755, 1331, 1294 ]
Current game: 217
[ 2422, 777, 1331, 1294 ]
Current game: 218
[ 2445, 780, 1331, 1294 ]
Current game: 219
[ 2466, 784, 1331, 1295 ]
Current game: 220
[ 2491, 785, 1331, 1295 ]
Current game: 221
[ 2517, 811, 1331, 1321 ]
Current game: 222
[ 2538, 811, 1332, 1325 ]
Current game: 223
[ 2562, 813, 1332, 1325 ]
Current game: 224
[ 2562, 817, 1335, 1344 ]
Current game: 225
[ 2573, 832, 1335, 1344 ]
Current game: 226
[ 2586, 845, 1335, 1344 ]
Current game: 227
[ 2604, 848, 1340, 1344 ]
Current game: 228
[ 2622, 848, 1344, 1348 ]
Current game: 229
[ 2627, 851, 1345, 1365 ]
Current game: 230
[ 2646, 851, 1347, 1370 ]
Current game: 231
[ 2646, 861, 1362, 1371 ]
Current game: 232
[ 2666, 867, 1362, 1371 ]
Current game: 233
[ 2672, 867, 1382, 1371 ]
Current game: 234
[ 2675, 873, 1382, 1388 ]
Current game: 235
[ 2684, 875, 1397, 1388 ]
Current game: 236
[ 2701, 875, 1405, 1389 ]
Current game: 237
[ 2719, 879, 1405, 1393 ]
Current game: 238
[ 2739, 883, 1405, 1395 ]
Current game: 239
[ 2754, 883, 1415, 1396 ]
Current game: 240
[ 2763, 885, 1416, 1410 ]
Current game: 241
[ 2763, 901, 1426, 1410 ]
Current game: 242
[ 2780, 901, 1435, 1410 ]
Current game: 243
[ 2784, 914, 1439, 1415 ]
Current game: 244
[ 2804, 914, 1443, 1417 ]
Current game: 245
[ 2823, 917, 1446, 1418 ]
Current game: 246
[ 2831, 917, 1464, 1418 ]
Current game: 247
[ 2845, 917, 1474, 1420 ]
Current game: 248
[ 2856, 917, 1474, 1435 ]
Current game: 249
[ 2856, 930, 1483, 1439 ]
Current game: 250
[ 2862, 950, 1483, 1439 ]
Current game: 251
[ 2886, 952, 1483, 1439 ]
Current game: 252
[ 2890, 956, 1486, 1454 ]
Current game: 253
[ 2899, 958, 1488, 1467 ]
Current game: 254
[ 2905, 961, 1501, 1471 ]
Current game: 255
[ 2923, 961, 1506, 1474 ]
Current game: 256
[ 2925, 975, 1516, 1474 ]
Current game: 257
[ 2949, 975, 1518, 1474 ]
Current game: 258
[ 2973, 977, 1518, 1474 ]
Current game: 259
[ 2991, 979, 1518, 1480 ]
Current game: 260
[ 2997, 981, 1533, 1483 ]
Current game: 261
[ 3015, 981, 1537, 1487 ]
Current game: 262
[ 3025, 984, 1537, 1500 ]
Current game: 263
[ 3030, 987, 1550, 1505 ]
Current game: 264
[ 3035, 990, 1553, 1520 ]
Current game: 265
[ 3053, 990, 1561, 1520 ]
Current game: 266
[ 3056, 997, 1561, 1536 ]
Current game: 267
[ 3081, 997, 1562, 1536 ]
Current game: 268
[ 3086, 999, 1575, 1542 ]
Current game: 269
[ 3106, 999, 1580, 1543 ]
Current game: 270
[ 3108, 1012, 1583, 1551 ]
Current game: 271
[ 3113, 1015, 1588, 1564 ]
Current game: 272
[ 3117, 1015, 1601, 1573 ]
Current game: 273
[ 3118, 1015, 1604, 1595 ]
Current game: 274
[ 3140, 1019, 1604, 1595 ]
Current game: 275
[ 3154, 1027, 1608, 1595 ]
Current game: 276
[ 3165, 1027, 1621, 1597 ]
Current game: 277
[ 3188, 1029, 1621, 1598 ]
Current game: 278
[ 3214, 1029, 1647, 1624 ]
Current game: 279
[ 3234, 1033, 1649, 1624 ]
Current game: 280
[ 3251, 1033, 1649, 1633 ]
Current game: 281
[ 3274, 1036, 1649, 1633 ]
Current game: 282
[ 3281, 1054, 1650, 1633 ]
Current game: 283
[ 3293, 1054, 1664, 1633 ]
Current game: 284
[ 3299, 1055, 1664, 1652 ]
Current game: 285
[ 3322, 1055, 1667, 1652 ]
Current game: 286
[ 3347, 1055, 1667, 1653 ]
Current game: 287
[ 3351, 1056, 1668, 1673 ]
Current game: 288
[ 3352, 1059, 1687, 1676 ]
Current game: 289
[ 3370, 1065, 1688, 1677 ]
Current game: 290
[ 3379, 1065, 1703, 1679 ]
Current game: 291
[ 3382, 1069, 1718, 1683 ]
Current game: 292
[ 3390, 1069, 1735, 1684 ]
Current game: 293
[ 3411, 1073, 1736, 1684 ]
Current game: 294
[ 3411, 1074, 1761, 1684 ]
Current game: 295
[ 3431, 1074, 1766, 1685 ]
Current game: 296
[ 3440, 1074, 1783, 1685 ]
Current game: 297
[ 3449, 1074, 1800, 1685 ]
Current game: 298
[ 3449, 1075, 1825, 1685 ]
Current game: 299
[ 3470, 1075, 1826, 1689 ]
Current game: 300
[ 3487, 1075, 1835, 1689 ]
Current game: 301
[ 3506, 1075, 1841, 1690 ]
Current game: 302
[ 3514, 1075, 1859, 1690 ]
Current game: 303
[ 3515, 1076, 1883, 1690 ]
Current game: 304
[ 3524, 1076, 1897, 1693 ]
Current game: 305
[ 3524, 1078, 1897, 1717 ]
Current game: 306
[ 3526, 1086, 1913, 1717 ]
Current game: 307
[ 3530, 1089, 1913, 1736 ]
Current game: 308
[ 3535, 1093, 1930, 1736 ]
Current game: 309
[ 3535, 1093, 1953, 1739 ]
Current game: 310
[ 3539, 1108, 1960, 1739 ]
Current game: 311
[ 3542, 1121, 1970, 1739 ]
Current game: 312
[ 3545, 1125, 1985, 1743 ]
Current game: 313
[ 3550, 1140, 1989, 1745 ]
Current game: 314
[ 3552, 1140, 1993, 1765 ]
Current game: 315
[ 3553, 1141, 2004, 1778 ]
Current game: 316
[ 3577, 1141, 2006, 1778 ]
Current game: 317
[ 3590, 1144, 2016, 1778 ]
Current game: 318
[ 3595, 1161, 2016, 1782 ]
Current game: 319
[ 3599, 1176, 2020, 1785 ]
Current game: 320
[ 3620, 1179, 2022, 1785 ]
Current game: 321
[ 3623, 1183, 2035, 1791 ]
Current game: 322
[ 3640, 1187, 2035, 1796 ]
Current game: 323
[ 3663, 1188, 2035, 1798 ]
Current game: 324
[ 3675, 1201, 2036, 1798 ]
Current game: 325
[ 3696, 1206, 2036, 1798 ]
Current game: 326
[ 3700, 1206, 2057, 1799 ]
Current game: 327
[ 3717, 1207, 2061, 1803 ]
Current game: 328
[ 3738, 1211, 2062, 1803 ]
Current game: 329
[ 3757, 1215, 2064, 1804 ]
Current game: 330
[ 3763, 1229, 2066, 1808 ]
Current game: 331
[ 3781, 1235, 2066, 1810 ]
Current game: 332
[ 3798, 1241, 2066, 1813 ]
Current game: 333
[ 3819, 1244, 2066, 1815 ]
Current game: 334
[ 3831, 1244, 2067, 1828 ]
Current game: 335
[ 3852, 1249, 2067, 1828 ]
Current game: 336
[ 3869, 1251, 2071, 1831 ]
Current game: 337
[ 3870, 1257, 2072, 1849 ]
Current game: 338
[ 3881, 1258, 2072, 1863 ]
Current game: 339
[ 3881, 1284, 2098, 1889 ]
Current game: 340
[ 3886, 1284, 2112, 1896 ]
Current game: 341
[ 3900, 1285, 2119, 1900 ]
Current game: 342
[ 3902, 1290, 2119, 1919 ]
Current game: 343
[ 3908, 1291, 2119, 1938 ]
Current game: 344
[ 3912, 1307, 2119, 1944 ]
Current game: 345
[ 3919, 1325, 2119, 1945 ]
Current game: 346
[ 3935, 1332, 2122, 1945 ]
Current game: 347
[ 3940, 1336, 2135, 1949 ]
Current game: 348
[ 3942, 1360, 2135, 1949 ]
Current game: 349
[ 3965, 1363, 2135, 1949 ]
Current game: 350
[ 3967, 1363, 2148, 1960 ]
Current game: 351
[ 3967, 1385, 2152, 1960 ]
Current game: 352
[ 3972, 1385, 2165, 1968 ]
Current game: 353
[ 3976, 1385, 2183, 1972 ]
Current game: 354
[ 3996, 1391, 2183, 1972 ]
Current game: 355
[ 4014, 1391, 2191, 1972 ]
Current game: 356
[ 4016, 1404, 2196, 1978 ]
Current game: 357
[ 4036, 1404, 2201, 1979 ]
Current game: 358
[ 4040, 1419, 2208, 1979 ]
Current game: 359
[ 4064, 1421, 2208, 1979 ]
Current game: 360
[ 4087, 1424, 2208, 1979 ]
Current game: 361
[ 4097, 1426, 2209, 1992 ]
Current game: 362
[ 4112, 1426, 2209, 2003 ]
Current game: 363
[ 4120, 1426, 2225, 2005 ]
Current game: 364
[ 4141, 1426, 2226, 2009 ]
Current game: 365
[ 4144, 1426, 2249, 2009 ]
Current game: 366
[ 4154, 1427, 2251, 2022 ]
Current game: 367
[ 4166, 1427, 2251, 2036 ]
Current game: 368
[ 4191, 1428, 2251, 2036 ]
Current game: 369
[ 4191, 1428, 2264, 2049 ]
Current game: 370
[ 4197, 1434, 2264, 2063 ]
Current game: 371
[ 4216, 1438, 2267, 2063 ]
Current game: 372
[ 4231, 1438, 2267, 2074 ]
Current game: 373
[ 4257, 1438, 2293, 2100 ]
Current game: 374
[ 4278, 1438, 2297, 2101 ]
Current game: 375
[ 4283, 1439, 2299, 2119 ]
Current game: 376
[ 4304, 1439, 2299, 2124 ]
Current game: 377
[ 4318, 1439, 2299, 2136 ]
Current game: 378
[ 4341, 1439, 2301, 2137 ]
Current game: 379
[ 4360, 1445, 2302, 2137 ]
Current game: 380
[ 4381, 1449, 2303, 2137 ]
Current game: 381
[ 4386, 1449, 2320, 2141 ]
Current game: 382
[ 4399, 1450, 2324, 2149 ]
Current game: 383
[ 4402, 1450, 2337, 2159 ]
Current game: 384
[ 4402, 1454, 2358, 2160 ]
Current game: 385
[ 4403, 1470, 2367, 2160 ]
Current game: 386
[ 4422, 1474, 2370, 2160 ]
Current game: 387
[ 4426, 1474, 2392, 2160 ]
Current game: 388
[ 4439, 1475, 2404, 2160 ]
Current game: 389
[ 4443, 1475, 2426, 2160 ]
Current game: 390
[ 4458, 1478, 2434, 2160 ]
Current game: 391
[ 4476, 1479, 2434, 2167 ]
Current game: 392
[ 4484, 1484, 2447, 2167 ]
Current game: 393
[ 4492, 1486, 2460, 2170 ]
Current game: 394
[ 4501, 1486, 2477, 2170 ]
Current game: 395
[ 4521, 1490, 2479, 2170 ]
Current game: 396
[ 4529, 1490, 2483, 2184 ]
Current game: 397
[ 4542, 1490, 2496, 2184 ]
Current game: 398
[ 4550, 1503, 2501, 2184 ]
Current game: 399
[ 4564, 1503, 2513, 2184 ]
Current game: 400
[ 4564, 1504, 2513, 2209 ]
Current game: 401
[ 4569, 1504, 2534, 2209 ]
Current game: 402
[ 4593, 1504, 2535, 2210 ]
Current game: 403
[ 4618, 1505, 2535, 2210 ]
Current game: 404
[ 4637, 1509, 2538, 2210 ]
Current game: 405
[ 4637, 1535, 2564, 2236 ]
Current game: 406
[ 4641, 1537, 2564, 2256 ]
Current game: 407
[ 4645, 1543, 2567, 2269 ]
Current game: 408
[ 4645, 1569, 2593, 2295 ]
Current game: 409
[ 4669, 1571, 2593, 2295 ]
Current game: 410
[ 4674, 1584, 2593, 2303 ]
Current game: 411
[ 4699, 1585, 2593, 2303 ]
Current game: 412
[ 4719, 1587, 2593, 2307 ]
Current game: 413
[ 4719, 1587, 2594, 2332 ]
Current game: 414
[ 4731, 1587, 2594, 2346 ]
Current game: 415
[ 4735, 1588, 2594, 2367 ]
Current game: 416
[ 4749, 1588, 2594, 2379 ]
Current game: 417
[ 4765, 1588, 2595, 2388 ]
Current game: 418
[ 4771, 1588, 2615, 2388 ]
Current game: 419
[ 4779, 1588, 2615, 2406 ]
Current game: 420
[ 4780, 1601, 2615, 2418 ]
Current game: 421
[ 4791, 1601, 2615, 2433 ]
Current game: 422
[ 4813, 1603, 2615, 2435 ]
Current game: 423
[ 4818, 1603, 2634, 2437 ]
Current game: 424
[ 4836, 1609, 2634, 2439 ]
Current game: 425
[ 4854, 1610, 2638, 2442 ]
Current game: 426
[ 4862, 1614, 2638, 2456 ]
Current game: 427
[ 4874, 1615, 2651, 2456 ]
Current game: 428
[ 4888, 1618, 2651, 2465 ]
Current game: 429
[ 4901, 1620, 2657, 2470 ]
Current game: 430
[ 4906, 1621, 2671, 2476 ]
Current game: 431
[ 4912, 1637, 2671, 2480 ]
Current game: 432
[ 4935, 1640, 2671, 2480 ]
Current game: 433
[ 4955, 1640, 2671, 2486 ]
Current game: 434
[ 4979, 1640, 2671, 2488 ]
Current game: 435
[ 4998, 1644, 2674, 2488 ]
Current game: 436
[ 5019, 1644, 2678, 2489 ]
Current game: 437
[ 5025, 1648, 2694, 2489 ]
Current game: 438
[ 5034, 1661, 2698, 2489 ]
Current game: 439
[ 5039, 1663, 2717, 2489 ]
Current game: 440
[ 5039, 1670, 2734, 2491 ]
Current game: 441
[ 5043, 1674, 2752, 2491 ]
Current game: 442
[ 5046, 1678, 2752, 2510 ]
Current game: 443
[ 5050, 1696, 2752, 2514 ]
Current game: 444
[ 5071, 1700, 2752, 2515 ]
Current game: 445
[ 5072, 1721, 2752, 2519 ]
Current game: 446
[ 5077, 1721, 2772, 2520 ]
Current game: 447
[ 5084, 1721, 2776, 2535 ]
Current game: 448
[ 5086, 1734, 2781, 2541 ]
Current game: 449
[ 5104, 1735, 2784, 2545 ]
Current game: 450
[ 5115, 1735, 2786, 2558 ]
Current game: 451
[ 5132, 1735, 2788, 2565 ]
Current game: 452
[ 5134, 1756, 2790, 2566 ]
Current game: 453
[ 5158, 1756, 2792, 2566 ]
Current game: 454
[ 5162, 1756, 2814, 2566 ]
Current game: 455
[ 5169, 1756, 2833, 2566 ]
Current game: 456
[ 5186, 1761, 2833, 2570 ]
Current game: 457
[ 5196, 1761, 2847, 2572 ]
Current game: 458
[ 5218, 1763, 2849, 2572 ]
Current game: 459
[ 5218, 1777, 2857, 2576 ]
Current game: 460
[ 5244, 1777, 2883, 2602 ]
Current game: 461
[ 5254, 1780, 2883, 2615 ]
Current game: 462
[ 5254, 1781, 2903, 2620 ]
Current game: 463
[ 5262, 1795, 2907, 2620 ]
Current game: 464
[ 5267, 1795, 2921, 2627 ]
Current game: 465
[ 5267, 1795, 2941, 2633 ]
Current game: 466
[ 5284, 1799, 2946, 2633 ]
Current game: 467
[ 5295, 1799, 2960, 2634 ]
Current game: 468
[ 5308, 1799, 2965, 2642 ]
Current game: 469
[ 5327, 1799, 2970, 2644 ]
Current game: 470
[ 5327, 1799, 2976, 2664 ]
Current game: 471
[ 5333, 1801, 2976, 2682 ]
Current game: 472
[ 5335, 1801, 2981, 2701 ]
Current game: 473
[ 5354, 1807, 2982, 2701 ]
Current game: 474
[ 5358, 1813, 2995, 2704 ]
Current game: 475
[ 5369, 1813, 2996, 2718 ]
Current game: 476
[ 5374, 1814, 2996, 2738 ]
Current game: 477
[ 5377, 1816, 3011, 2744 ]
Current game: 478
[ 5384, 1833, 3011, 2746 ]
Current game: 479
[ 5404, 1834, 3014, 2748 ]
Current game: 480
[ 5419, 1838, 3014, 2755 ]
Current game: 481
[ 5436, 1839, 3014, 2763 ]
Current game: 482
[ 5459, 1839, 3014, 2766 ]
Current game: 483
[ 5480, 1839, 3018, 2767 ]
Current game: 484
[ 5499, 1842, 3018, 2771 ]
Current game: 485
[ 5501, 1843, 3018, 2794 ]
Current game: 486
[ 5512, 1858, 3018, 2794 ]
Current game: 487
[ 5528, 1858, 3018, 2804 ]
Current game: 488
[ 5534, 1860, 3020, 2820 ]
Current game: 489
[ 5548, 1860, 3031, 2821 ]
Current game: 490
[ 5574, 1860, 3057, 2847 ]
Current game: 491
[ 5580, 1878, 3057, 2849 ]
Current game: 492
[ 5592, 1892, 3057, 2849 ]
Current game: 493
[ 5592, 1896, 3079, 2849 ]
Current game: 494
[ 5605, 1896, 3087, 2854 ]
Current game: 495
[ 5619, 1901, 3091, 2857 ]
Current game: 496
[ 5642, 1901, 3092, 2859 ]
Current game: 497
[ 5659, 1901, 3092, 2868 ]
Current game: 498
[ 5673, 1912, 3093, 2868 ]
Current game: 499
[ 5677, 1913, 3093, 2889 ]
Current game: 500
[ 5695, 1913, 3095, 2895 ]
Current game: 501
[ 5721, 1913, 3121, 2921 ]
Current game: 502
[ 5735, 1920, 3126, 2921 ]
Current game: 503
[ 5748, 1933, 3126, 2921 ]
Current game: 504
[ 5765, 1933, 3131, 2925 ]
Current game: 505
[ 5770, 1938, 3147, 2925 ]
Current game: 506
[ 5771, 1939, 3147, 2949 ]
Current game: 507
[ 5795, 1939, 3149, 2949 ]
Current game: 508
[ 5800, 1939, 3170, 2949 ]
Current game: 509
[ 5810, 1954, 3170, 2950 ]
Current game: 510
[ 5822, 1954, 3170, 2964 ]
Current game: 511
[ 5822, 1957, 3193, 2964 ]
Current game: 512
[ 5847, 1957, 3193, 2965 ]
Current game: 513
[ 5862, 1957, 3194, 2975 ]
Current game: 514
[ 5864, 1961, 3194, 2995 ]
Current game: 515
[ 5873, 1961, 3211, 2995 ]
Current game: 516
[ 5881, 1965, 3211, 3009 ]
Current game: 517
[ 5900, 1965, 3212, 3015 ]
Current game: 518
[ 5913, 1967, 3222, 3016 ]
Current game: 519
[ 5928, 1975, 3225, 3016 ]
Current game: 520
[ 5944, 1975, 3230, 3021 ]
Current game: 521
[ 5965, 1976, 3234, 3021 ]
Current game: 522
[ 5975, 1976, 3249, 3022 ]
Current game: 523
[ 5994, 1976, 3252, 3026 ]
Current game: 524
[ 6003, 1976, 3252, 3043 ]
Current game: 525
[ 6021, 1976, 3253, 3050 ]
Current game: 526
[ 6045, 1978, 3253, 3050 ]
Current game: 527
[ 6067, 1982, 3253, 3050 ]
Current game: 528
[ 6076, 1982, 3269, 3051 ]
Current game: 529
[ 6096, 1987, 3270, 3051 ]
Current game: 530
[ 6110, 1987, 3270, 3063 ]
Current game: 531
[ 6110, 1994, 3288, 3064 ]
Current game: 532
[ 6116, 1994, 3302, 3070 ]
Current game: 533
[ 6126, 1994, 3318, 3070 ]
Current game: 534
[ 6144, 1994, 3322, 3074 ]
Current game: 535
[ 6145, 2015, 3322, 3078 ]
Current game: 536
[ 6149, 2017, 3326, 3094 ]
Current game: 537
[ 6154, 2017, 3347, 3094 ]
Current game: 538
[ 6172, 2022, 3350, 3094 ]
Current game: 539
[ 6172, 2048, 3376, 3120 ]
Current game: 540
[ 6194, 2049, 3379, 3120 ]
Current game: 541
[ 6207, 2062, 3379, 3120 ]
Current game: 542
[ 6227, 2063, 3379, 3125 ]
Current game: 543
[ 6231, 2080, 3383, 3126 ]
Current game: 544
[ 6237, 2081, 3402, 3126 ]
Current game: 545
[ 6239, 2105, 3402, 3126 ]
Current game: 546
[ 6259, 2105, 3405, 3129 ]
Current game: 547
[ 6274, 2109, 3412, 3129 ]
Current game: 548
[ 6279, 2109, 3429, 3133 ]
Current game: 549
[ 6301, 2111, 3429, 3135 ]
Current game: 550
[ 6305, 2125, 3433, 3139 ]
Current game: 551
[ 6327, 2126, 3434, 3141 ]
Current game: 552
[ 6347, 2126, 3440, 3141 ]
Current game: 553
[ 6357, 2126, 3440, 3157 ]
Current game: 554
[ 6370, 2126, 3451, 3159 ]
Current game: 555
[ 6386, 2132, 3453, 3161 ]
Current game: 556
[ 6390, 2145, 3453, 3170 ]
Current game: 557
[ 6412, 2145, 3457, 3170 ]
Current game: 558
[ 6420, 2163, 3457, 3170 ]
Current game: 559
[ 6441, 2163, 3461, 3171 ]
Current game: 560
[ 6463, 2167, 3461, 3171 ]
Current game: 561
[ 6476, 2167, 3474, 3171 ]
Current game: 562
[ 6490, 2170, 3479, 3175 ]
Current game: 563
[ 6494, 2184, 3486, 3176 ]
Current game: 564
[ 6511, 2192, 3487, 3176 ]
Current game: 565
[ 6529, 2192, 3487, 3184 ]
Current game: 566
[ 6542, 2194, 3491, 3191 ]
Current game: 567
[ 6544, 2204, 3492, 3204 ]
Current game: 568
[ 6568, 2204, 3494, 3204 ]
Current game: 569
[ 6572, 2205, 3494, 3225 ]
Current game: 570
[ 6576, 2218, 3494, 3234 ]
Current game: 571
[ 6581, 2233, 3500, 3234 ]
Current game: 572
[ 6581, 2254, 3505, 3234 ]
Current game: 573
[ 6588, 2254, 3518, 3240 ]
Current game: 574
[ 6593, 2254, 3533, 3246 ]
Current game: 575
[ 6606, 2254, 3546, 3246 ]
Current game: 576
[ 6612, 2254, 3547, 3265 ]
Current game: 577
[ 6630, 2259, 3548, 3267 ]
Current game: 578
[ 6644, 2261, 3552, 3273 ]
Current game: 579
[ 6655, 2276, 3552, 3273 ]
Current game: 580
[ 6679, 2278, 3552, 3273 ]
Current game: 581
[ 6688, 2278, 3552, 3290 ]
Current game: 582
[ 6706, 2279, 3553, 3296 ]
Current game: 583
[ 6728, 2279, 3557, 3296 ]
Current game: 584
[ 6736, 2280, 3574, 3296 ]
Current game: 585
[ 6743, 2280, 3587, 3302 ]
Current game: 586
[ 6759, 2280, 3593, 3306 ]
Current game: 587
[ 6776, 2287, 3593, 3308 ]
Current game: 588
[ 6781, 2287, 3606, 3316 ]
Current game: 589
[ 6787, 2288, 3608, 3333 ]
Current game: 590
[ 6800, 2293, 3615, 3334 ]
Current game: 591
[ 6818, 2297, 3615, 3338 ]
Current game: 592
[ 6825, 2302, 3616, 3351 ]
Current game: 593
[ 6836, 2302, 3629, 3353 ]
Current game: 594
[ 6842, 2302, 3648, 3354 ]
Current game: 595
[ 6864, 2302, 3651, 3355 ]
Current game: 596
[ 6877, 2302, 3664, 3355 ]
Current game: 597
[ 6881, 2316, 3666, 3361 ]
Current game: 598
[ 6905, 2316, 3666, 3363 ]
Current game: 599
[ 6923, 2321, 3669, 3363 ]
Current game: 600
[ 6942, 2323, 3670, 3367 ]
Current game: 601
[ 6955, 2323, 3670, 3380 ]
Current game: 602
[ 6972, 2323, 3675, 3384 ]
Current game: 603
[ 6992, 2323, 3677, 3388 ]
Current game: 604
[ 6997, 2327, 3694, 3388 ]
Current game: 605
[ 7013, 2327, 3694, 3398 ]
Current game: 606
[ 7038, 2327, 3695, 3398 ]
Current game: 607
[ 7052, 2327, 3706, 3399 ]
Current game: 608
[ 7073, 2330, 3706, 3401 ]
Current game: 609
[ 7078, 2330, 3706, 3422 ]
Current game: 610
[ 7083, 2330, 3727, 3422 ]
Current game: 611
[ 7093, 2332, 3741, 3422 ]
Current game: 612
[ 7109, 2332, 3741, 3432 ]
Current game: 613
[ 7128, 2336, 3741, 3435 ]
Current game: 614
[ 7148, 2336, 3747, 3435 ]
Current game: 615
[ 7155, 2337, 3747, 3453 ]
Current game: 616
[ 7159, 2338, 3767, 3454 ]
Current game: 617
[ 7181, 2341, 3767, 3455 ]
Current game: 618
[ 7198, 2342, 3775, 3455 ]
Current game: 619
[ 7216, 2344, 3775, 3461 ]
Current game: 620
[ 7237, 2344, 3780, 3461 ]
Current game: 621
[ 7254, 2353, 3780, 3461 ]
Current game: 622
[ 7262, 2353, 3795, 3464 ]
Current game: 623
[ 7265, 2353, 3815, 3467 ]
Current game: 624
[ 7271, 2353, 3815, 3487 ]
Current game: 625
[ 7279, 2354, 3829, 3490 ]
Current game: 626
[ 7304, 2355, 3829, 3490 ]
Current game: 627
[ 7317, 2368, 3829, 3490 ]
Current game: 628
[ 7320, 2369, 3829, 3512 ]
Current game: 629
[ 7344, 2369, 3831, 3512 ]
Current game: 630
[ 7362, 2370, 3838, 3512 ]
Current game: 631
[ 7362, 2374, 3843, 3529 ]
Current game: 632
[ 7366, 2378, 3857, 3533 ]
Current game: 633
[ 7372, 2397, 3857, 3534 ]
Current game: 634
[ 7395, 2397, 3858, 3536 ]
Current game: 635
[ 7399, 2404, 3858, 3551 ]
Current game: 636
[ 7422, 2404, 3860, 3552 ]
Current game: 637
[ 7426, 2404, 3860, 3574 ]
Current game: 638
[ 7448, 2405, 3861, 3576 ]
Current game: 639
[ 7473, 2406, 3861, 3576 ]
Current game: 640
[ 7473, 2409, 3884, 3576 ]
Current game: 641
[ 7485, 2410, 3897, 3576 ]
Current game: 642
[ 7494, 2410, 3897, 3593 ]
Current game: 643
[ 7511, 2418, 3897, 3594 ]
Current game: 644
[ 7516, 2418, 3918, 3594 ]
Current game: 645
[ 7540, 2419, 3918, 3595 ]
Current game: 646
[ 7544, 2423, 3936, 3595 ]
Current game: 647
[ 7551, 2426, 3952, 3595 ]
Current game: 648
[ 7571, 2427, 3957, 3595 ]
Current game: 649
[ 7594, 2429, 3957, 3596 ]
Current game: 650
[ 7594, 2433, 3974, 3601 ]
Current game: 651
[ 7594, 2440, 3989, 3605 ]
Current game: 652
[ 7610, 2445, 3989, 3610 ]
Current game: 653
[ 7631, 2448, 3989, 3612 ]
Current game: 654
[ 7634, 2449, 4005, 3618 ]
Current game: 655
[ 7650, 2453, 4011, 3618 ]
Current game: 656
[ 7654, 2453, 4029, 3622 ]
Current game: 657
[ 7654, 2457, 4029, 3644 ]
Current game: 658
[ 7658, 2460, 4034, 3658 ]
Current game: 659
[ 7662, 2465, 4051, 3658 ]
Current game: 660
[ 7685, 2465, 4052, 3660 ]
Current game: 661
[ 7703, 2465, 4056, 3664 ]
Current game: 662
[ 7719, 2465, 4062, 3668 ]
Current game: 663
[ 7736, 2468, 4067, 3669 ]
Current game: 664
[ 7758, 2468, 4068, 3672 ]
Current game: 665
[ 7777, 2468, 4070, 3677 ]
Current game: 666
[ 7796, 2468, 4071, 3683 ]
Current game: 667
[ 7821, 2468, 4071, 3684 ]
Current game: 668
[ 7822, 2482, 4073, 3693 ]
Current game: 669
[ 7838, 2491, 4073, 3694 ]
Current game: 670
[ 7845, 2491, 4086, 3700 ]
Current game: 671
[ 7851, 2492, 4105, 3700 ]
Current game: 672
[ 7869, 2494, 4106, 3705 ]
Current game: 673
[ 7874, 2515, 4106, 3705 ]
Current game: 674
[ 7875, 2516, 4117, 3718 ]
Current game: 675
[ 7896, 2520, 4117, 3719 ]
Current game: 676
[ 7913, 2524, 4121, 3720 ]
Current game: 677
[ 7920, 2524, 4140, 3720 ]
Current game: 678
[ 7940, 2524, 4140, 3726 ]
Current game: 679
[ 7960, 2524, 4145, 3727 ]
Current game: 680
[ 7979, 2530, 4146, 3727 ]
Current game: 681
[ 7997, 2538, 4146, 3727 ]
Current game: 682
[ 8001, 2552, 4150, 3731 ]
Current game: 683
[ 8021, 2558, 4150, 3731 ]
Current game: 684
[ 8024, 2558, 4160, 3744 ]
Current game: 685
[ 8037, 2562, 4160, 3753 ]
Current game: 686
[ 8060, 2562, 4163, 3753 ]
Current game: 687
[ 8077, 2568, 4166, 3753 ]
Current game: 688
[ 8082, 2568, 4169, 3771 ]
Current game: 689
[ 8106, 2570, 4169, 3771 ]
Current game: 690
[ 8106, 2574, 4191, 3771 ]
Current game: 691
[ 8129, 2575, 4191, 3773 ]
Current game: 692
[ 8148, 2581, 4191, 3774 ]
Current game: 693
[ 8164, 2591, 4191, 3774 ]
Current game: 694
[ 8177, 2591, 4204, 3774 ]
Current game: 695
[ 8183, 2591, 4205, 3793 ]
Current game: 696
[ 8190, 2610, 4205, 3793 ]
Current game: 697
[ 8198, 2628, 4205, 3793 ]
Current game: 698
[ 8215, 2632, 4210, 3793 ]
Current game: 699
[ 8219, 2646, 4218, 3793 ]
Current game: 700
[ 8227, 2660, 4222, 3793 ]
Current game: 701
[ 8250, 2663, 4222, 3793 ]
Current game: 702
[ 8268, 2663, 4222, 3801 ]
Current game: 703
[ 8272, 2667, 4226, 3815 ]
Current game: 704
[ 8296, 2667, 4226, 3817 ]
Current game: 705
[ 8319, 2668, 4226, 3819 ]
Current game: 706
[ 8327, 2671, 4241, 3819 ]
Current game: 707
[ 8347, 2671, 4243, 3823 ]
Current game: 708
[ 8365, 2671, 4245, 3829 ]
Current game: 709
[ 8389, 2672, 4245, 3830 ]
Current game: 710
[ 8410, 2676, 4246, 3830 ]
Current game: 711
[ 8430, 2676, 4249, 3833 ]
Current game: 712
[ 8433, 2699, 4249, 3833 ]
Current game: 713
[ 8437, 2702, 4252, 3849 ]
Current game: 714
[ 8460, 2705, 4252, 3849 ]
Current game: 715
[ 8471, 2707, 4265, 3849 ]
Current game: 716
[ 8481, 2708, 4280, 3849 ]
Current game: 717
[ 8493, 2708, 4294, 3849 ]
Current game: 718
[ 8508, 2714, 4295, 3853 ]
Current game: 719
[ 8529, 2719, 4295, 3853 ]
Current game: 720
[ 8552, 2720, 4295, 3855 ]
Current game: 721
[ 8574, 2721, 4295, 3858 ]
Current game: 722
[ 8579, 2737, 4295, 3863 ]
Current game: 723
[ 8596, 2738, 4302, 3864 ]
Current game: 724
[ 8615, 2738, 4302, 3871 ]
Current game: 725
[ 8640, 2739, 4302, 3871 ]
Current game: 726
[ 8665, 2739, 4303, 3871 ]
Current game: 727
[ 8688, 2740, 4303, 3873 ]
Current game: 728
[ 8701, 2740, 4303, 3886 ]
Current game: 729
[ 8701, 2744, 4310, 3901 ]
Current game: 730
[ 8705, 2744, 4328, 3905 ]
Current game: 731
[ 8710, 2744, 4329, 3925 ]
Current game: 732
[ 8713, 2758, 4333, 3930 ]
Current game: 733
[ 8733, 2758, 4339, 3930 ]
Current game: 734
[ 8747, 2758, 4339, 3942 ]
Current game: 735
[ 8773, 2758, 4365, 3968 ]
Current game: 736
[ 8777, 2762, 4379, 3972 ]
Current game: 737
[ 8797, 2762, 4381, 3976 ]
Current game: 738
[ 8811, 2767, 4387, 3977 ]
Current game: 739
[ 8828, 2767, 4395, 3978 ]
Current game: 740
[ 8831, 2771, 4400, 3992 ]
Current game: 741
[ 8832, 2771, 4421, 3996 ]
Current game: 742
[ 8837, 2776, 4437, 3996 ]
Current game: 743
[ 8844, 2781, 4437, 4010 ]
Current game: 744
[ 8865, 2781, 4437, 4015 ]
Current game: 745
[ 8886, 2781, 4438, 4019 ]
Current game: 746
[ 8903, 2781, 4438, 4028 ]
Current game: 747
[ 8920, 2781, 4445, 4030 ]
Current game: 748
[ 8920, 2781, 4470, 4031 ]
Current game: 749
[ 8945, 2781, 4470, 4032 ]
Current game: 750
[ 8953, 2781, 4470, 4050 ]
Current game: 751
[ 8956, 2783, 4477, 4064 ]
Current game: 752
[ 8960, 2788, 4494, 4064 ]
Current game: 753
[ 8968, 2805, 4494, 4065 ]
Current game: 754
[ 8986, 2805, 4497, 4070 ]
Current game: 755
[ 8991, 2805, 4518, 4070 ]
Current game: 756
[ 9008, 2809, 4523, 4070 ]
Current game: 757
[ 9012, 2809, 4528, 4087 ]
Current game: 758
[ 9016, 2822, 4535, 4089 ]
Current game: 759
[ 9018, 2825, 4548, 4097 ]
Current game: 760
[ 9024, 2825, 4567, 4098 ]
Current game: 761
[ 9025, 2825, 4567, 4123 ]
Current game: 762
[ 9049, 2827, 4567, 4123 ]
Current game: 763
[ 9053, 2835, 4580, 4124 ]
Current game: 764
[ 9053, 2837, 4586, 4142 ]
Current game: 765
[ 9059, 2841, 4589, 4155 ]
Current game: 766
[ 9064, 2841, 4610, 4155 ]
Current game: 767
[ 9070, 2841, 4610, 4175 ]
Current game: 768
[ 9071, 2845, 4610, 4196 ]
Current game: 769
[ 9091, 2845, 4610, 4202 ]
Current game: 770
[ 9095, 2846, 4614, 4219 ]
Current game: 771
[ 9115, 2846, 4618, 4221 ]
Current game: 772
[ 9137, 2846, 4618, 4225 ]
Current game: 773
[ 9148, 2846, 4619, 4239 ]
Current game: 774
[ 9157, 2846, 4619, 4256 ]
Current game: 775
[ 9178, 2846, 4622, 4258 ]
Current game: 776
[ 9199, 2851, 4622, 4258 ]
Current game: 777
[ 9199, 2854, 4627, 4276 ]
Current game: 778
[ 9200, 2854, 4646, 4282 ]
Current game: 779
[ 9203, 2854, 4669, 4282 ]
Current game: 780
[ 9214, 2854, 4684, 4282 ]
Current game: 781
[ 9231, 2854, 4684, 4291 ]
Current game: 782
[ 9253, 2857, 4685, 4291 ]
Current game: 783
[ 9259, 2857, 4685, 4311 ]
Current game: 784
[ 9267, 2861, 4686, 4324 ]
Current game: 785
[ 9280, 2861, 4686, 4337 ]
Current game: 786
[ 9293, 2861, 4686, 4350 ]
Current game: 787
[ 9313, 2861, 4688, 4354 ]
Current game: 788
[ 9332, 2861, 4692, 4357 ]
Current game: 789
[ 9347, 2862, 4702, 4357 ]
Current game: 790
[ 9349, 2863, 4702, 4380 ]
Current game: 791
[ 9368, 2870, 4702, 4380 ]
Current game: 792
[ 9372, 2870, 4717, 4387 ]
Current game: 793
[ 9389, 2874, 4721, 4388 ]
Current game: 794
[ 9403, 2875, 4722, 4398 ]
Current game: 795
[ 9403, 2875, 4738, 4408 ]
Current game: 796
[ 9404, 2875, 4741, 4430 ]
Current game: 797
[ 9406, 2876, 4754, 4440 ]
Current game: 798
[ 9420, 2876, 4763, 4443 ]
Current game: 799
[ 9428, 2889, 4767, 4444 ]
Current game: 800
[ 9447, 2889, 4771, 4447 ]
Current game: 801
[ 9451, 2889, 4792, 4448 ]
Current game: 802
[ 9457, 2895, 4805, 4449 ]
Current game: 803
[ 9468, 2896, 4818, 4450 ]
Current game: 804
[ 9476, 2896, 4835, 4451 ]
Current game: 805
[ 9499, 2899, 4835, 4451 ]
Current game: 806
[ 9508, 2912, 4839, 4451 ]
Current game: 807
[ 9529, 2912, 4839, 4456 ]
Current game: 808
[ 9529, 2912, 4842, 4479 ]
Current game: 809
[ 9545, 2917, 4842, 4484 ]
Current game: 810
[ 9559, 2922, 4846, 4487 ]
Current game: 811
[ 9567, 2922, 4847, 4504 ]
Current game: 812
[ 9567, 2948, 4873, 4530 ]
Current game: 813
[ 9588, 2948, 4874, 4534 ]
Current game: 814
[ 9610, 2952, 4874, 4534 ]
Current game: 815
[ 9632, 2952, 4878, 4534 ]
Current game: 816
[ 9656, 2953, 4879, 4534 ]
Current game: 817
[ 9660, 2953, 4887, 4548 ]
Current game: 818
[ 9682, 2953, 4889, 4550 ]
Current game: 819
[ 9701, 2960, 4889, 4550 ]
Current game: 820
[ 9707, 2974, 4895, 4550 ]
Current game: 821
[ 9708, 2974, 4899, 4571 ]
Current game: 822
[ 9729, 2974, 4904, 4571 ]
Current game: 823
[ 9734, 2974, 4909, 4587 ]
Current game: 824
[ 9755, 2975, 4909, 4591 ]
Current game: 825
[ 9755, 3001, 4935, 4617 ]
Current game: 826
[ 9763, 3001, 4953, 4617 ]
Current game: 827
[ 9764, 3001, 4978, 4617 ]
Current game: 828
[ 9773, 3014, 4978, 4621 ]
Current game: 829
[ 9774, 3014, 5002, 4622 ]
Current game: 830
[ 9796, 3014, 5002, 4626 ]
Current game: 831
[ 9796, 3014, 5027, 4627 ]
Current game: 832
[ 9797, 3014, 5044, 4635 ]
Current game: 833
[ 9807, 3014, 5045, 4650 ]
Current game: 834
[ 9814, 3017, 5045, 4666 ]
Current game: 835
[ 9817, 3024, 5045, 4682 ]
Current game: 836
[ 9817, 3041, 5054, 4682 ]
Current game: 837
[ 9821, 3042, 5058, 4699 ]
Current game: 838
[ 9821, 3044, 5069, 4712 ]
Current game: 839
[ 9826, 3057, 5069, 4720 ]
Current game: 840
[ 9826, 3061, 5087, 4724 ]
Current game: 841
[ 9848, 3064, 5088, 4724 ]
Current game: 842
[ 9853, 3064, 5109, 4724 ]
Current game: 843
[ 9865, 3064, 5122, 4725 ]
Current game: 844
[ 9865, 3072, 5140, 4725 ]
Current game: 845
[ 9865, 3098, 5166, 4751 ]
Current game: 846
[ 9865, 3106, 5179, 4756 ]
Current game: 847
[ 9872, 3106, 5193, 4761 ]
Current game: 848
[ 9872, 3107, 5217, 4762 ]
Current game: 849
[ 9897, 3107, 5217, 4763 ]
Current game: 850
[ 9914, 3107, 5220, 4769 ]
Current game: 851
[ 9927, 3111, 5222, 4776 ]
Current game: 852
[ 9928, 3111, 5247, 4776 ]
Current game: 853
[ 9953, 3111, 5247, 4777 ]
Current game: 854
[ 9962, 3111, 5247, 4794 ]
Current game: 855
[ 9966, 3112, 5265, 4797 ]
Current game: 856
[ 9989, 3112, 5266, 4799 ]
Current game: 857
[ 10006, 3112, 5266, 4808 ]
Current game: 858
[ 10022, 3116, 5268, 4812 ]
Current game: 859
[ 10022, 3116, 5281, 4825 ]
Current game: 860
[ 10026, 3116, 5296, 4832 ]
Current game: 861
[ 10026, 3138, 5300, 4832 ]
Current game: 862
[ 10030, 3139, 5315, 4838 ]
Current game: 863
[ 10035, 3145, 5330, 4838 ]
Current game: 864
[ 10054, 3145, 5332, 4843 ]
Current game: 865
[ 10072, 3145, 5336, 4847 ]
Current game: 866
[ 10072, 3146, 5353, 4855 ]
Current game: 867
[ 10075, 3151, 5355, 4871 ]
Current game: 868
[ 10077, 3152, 5363, 4886 ]
Current game: 869
[ 10083, 3152, 5364, 4905 ]
Current game: 870
[ 10085, 3176, 5364, 4905 ]
Current game: 871
[ 10089, 3177, 5364, 4926 ]
Current game: 872
[ 10112, 3179, 5364, 4927 ]
Current game: 873
[ 10124, 3179, 5364, 4941 ]
Current game: 874
[ 10138, 3183, 5371, 4942 ]
Current game: 875
[ 10162, 3183, 5371, 4944 ]
Current game: 876
[ 10173, 3183, 5373, 4957 ]
Current game: 877
[ 10191, 3184, 5378, 4959 ]
Current game: 878
[ 10217, 3184, 5404, 4985 ]
Current game: 879
[ 10230, 3191, 5409, 4986 ]
Current game: 880
[ 10235, 3191, 5413, 5003 ]
Current game: 881
[ 10254, 3192, 5415, 5007 ]
Current game: 882
[ 10279, 3192, 5416, 5007 ]
Current game: 883
[ 10297, 3193, 5416, 5014 ]
Current game: 884
[ 10314, 3196, 5420, 5016 ]
Current game: 885
[ 10320, 3199, 5420, 5033 ]
Current game: 886
[ 10336, 3199, 5427, 5036 ]
Current game: 887
[ 10337, 3199, 5427, 5061 ]
Current game: 888
[ 10344, 3200, 5441, 5065 ]
Current game: 889
[ 10346, 3204, 5461, 5065 ]
Current game: 890
[ 10351, 3211, 5475, 5065 ]
Current game: 891
[ 10374, 3214, 5475, 5065 ]
Current game: 892
[ 10374, 3231, 5476, 5073 ]
Current game: 893
[ 10389, 3231, 5483, 5077 ]
Current game: 894
[ 10409, 3234, 5483, 5080 ]
Current game: 895
[ 10409, 3237, 5497, 5089 ]
Current game: 896
[ 10409, 3241, 5516, 5092 ]
Current game: 897
[ 10411, 3259, 5518, 5096 ]
Current game: 898
[ 10416, 3262, 5519, 5113 ]
Current game: 899
[ 10417, 3275, 5531, 5113 ]
Current game: 900
[ 10425, 3279, 5531, 5127 ]
Current game: 901
[ 10426, 3279, 5556, 5127 ]
Current game: 902
[ 10432, 3284, 5556, 5142 ]
Current game: 903
[ 10438, 3289, 5558, 5155 ]
Current game: 904
[ 10459, 3290, 5559, 5158 ]
Current game: 905
[ 10481, 3294, 5559, 5158 ]
Current game: 906
[ 10484, 3314, 5562, 5158 ]
Current game: 907
[ 10510, 3340, 5588, 5158 ]
Current game: 908
[ 10513, 3359, 5592, 5158 ]
Current game: 909
[ 10519, 3360, 5596, 5173 ]
Current game: 910
[ 10520, 3368, 5610, 5176 ]
Current game: 911
[ 10522, 3383, 5611, 5184 ]
Current game: 912
[ 10523, 3388, 5630, 5185 ]
Current game: 913
[ 10544, 3388, 5633, 5187 ]
Current game: 914
[ 10552, 3388, 5651, 5187 ]
Current game: 915
[ 10564, 3401, 5651, 5188 ]
Current game: 916
[ 10585, 3402, 5652, 5191 ]
Current game: 917
[ 10590, 3402, 5665, 5199 ]
Current game: 918
[ 10611, 3402, 5668, 5201 ]
Current game: 919
[ 10635, 3403, 5668, 5202 ]
Current game: 920
[ 10635, 3429, 5694, 5228 ]
Current game: 921
[ 10639, 3429, 5716, 5228 ]
Current game: 922
[ 10656, 3433, 5720, 5229 ]
Current game: 923
[ 10668, 3447, 5720, 5229 ]
Current game: 924
[ 10680, 3447, 5720, 5243 ]
Current game: 925
[ 10696, 3450, 5720, 5250 ]
Current game: 926
[ 10703, 3451, 5738, 5250 ]
Current game: 927
[ 10728, 3451, 5739, 5250 ]
Current game: 928
[ 10732, 3455, 5739, 5268 ]
Current game: 929
[ 10741, 3459, 5739, 5281 ]
Current game: 930
[ 10745, 3459, 5760, 5282 ]
Current game: 931
[ 10763, 3463, 5763, 5283 ]
Current game: 932
[ 10779, 3472, 5764, 5283 ]
Current game: 933
[ 10801, 3472, 5764, 5287 ]
Current game: 934
[ 10802, 3472, 5769, 5307 ]
Current game: 935
[ 10802, 3483, 5782, 5309 ]
Current game: 936
[ 10825, 3486, 5782, 5309 ]
Current game: 937
[ 10832, 3486, 5783, 5327 ]
Current game: 938
[ 10839, 3490, 5796, 5329 ]
Current game: 939
[ 10859, 3496, 5796, 5329 ]
Current game: 940
[ 10869, 3496, 5809, 5332 ]
Current game: 941
[ 10888, 3496, 5810, 5338 ]
Current game: 942
[ 10890, 3505, 5810, 5353 ]
Current game: 943
[ 10912, 3509, 5810, 5353 ]
Current game: 944
[ 10935, 3509, 5812, 5354 ]
Current game: 945
[ 10939, 3517, 5812, 5368 ]
Current game: 946
[ 10939, 3518, 5826, 5379 ]
Current game: 947
[ 10947, 3535, 5827, 5379 ]
Current game: 948
[ 10955, 3539, 5841, 5379 ]
Current game: 949
[ 10980, 3540, 5841, 5379 ]
Current game: 950
[ 11003, 3542, 5841, 5380 ]
Current game: 951
[ 11012, 3544, 5842, 5394 ]
Current game: 952
[ 11033, 3549, 5842, 5394 ]
Current game: 953
[ 11050, 3551, 5849, 5394 ]
Current game: 954
[ 11070, 3551, 5851, 5398 ]
Current game: 955
[ 11078, 3551, 5855, 5412 ]
Current game: 956
[ 11089, 3551, 5870, 5412 ]
Current game: 957
[ 11107, 3555, 5872, 5414 ]
Current game: 958
[ 11127, 3555, 5874, 5418 ]
Current game: 959
[ 11133, 3555, 5874, 5438 ]
Current game: 960
[ 11149, 3558, 5881, 5438 ]
Current game: 961
[ 11154, 3558, 5894, 5446 ]
Current game: 962
[ 11173, 3562, 5897, 5446 ]
Current game: 963
[ 11194, 3562, 5902, 5446 ]
Current game: 964
[ 11203, 3562, 5902, 5463 ]
Current game: 965
[ 11220, 3566, 5903, 5467 ]
Current game: 966
[ 11223, 3581, 5911, 5467 ]
Current game: 967
[ 11229, 3588, 5924, 5467 ]
Current game: 968
[ 11237, 3588, 5925, 5484 ]
Current game: 969
[ 11256, 3588, 5925, 5491 ]
Current game: 970
[ 11277, 3589, 5929, 5491 ]
Current game: 971
[ 11279, 3606, 5929, 5498 ]
Current game: 972
[ 11288, 3621, 5929, 5500 ]
Current game: 973
[ 11296, 3621, 5947, 5500 ]
Current game: 974
[ 11307, 3621, 5947, 5515 ]
Current game: 975
[ 11325, 3623, 5953, 5515 ]
Current game: 976
[ 11346, 3624, 5957, 5515 ]
Current game: 977
[ 11363, 3628, 5957, 5520 ]
Current game: 978
[ 11363, 3653, 5958, 5520 ]
Current game: 979
[ 11376, 3666, 5958, 5520 ]
Current game: 980
[ 11380, 3670, 5960, 5536 ]
Current game: 981
[ 11396, 3670, 5970, 5536 ]
Current game: 982
[ 11421, 3670, 5970, 5537 ]
Current game: 983
[ 11430, 3684, 5970, 5540 ]
Current game: 984
[ 11440, 3684, 5970, 5556 ]
Current game: 985
[ 11461, 3686, 5973, 5556 ]
Current game: 986
[ 11466, 3692, 5973, 5571 ]
Current game: 987
[ 11479, 3692, 5976, 5581 ]
Current game: 988
[ 11484, 3692, 5997, 5581 ]
Current game: 989
[ 11484, 3718, 6023, 5607 ]
Current game: 990
[ 11500, 3721, 6028, 5609 ]
Current game: 991
[ 11520, 3723, 6028, 5613 ]
Current game: 992
[ 11528, 3727, 6042, 5613 ]
Current game: 993
[ 11530, 3751, 6042, 5613 ]
Current game: 994
[ 11537, 3751, 6042, 5632 ]
Current game: 995
[ 11537, 3755, 6064, 5632 ]
Current game: 996
[ 11550, 3759, 6066, 5639 ]
Current game: 997
[ 11550, 3767, 6083, 5640 ]
Current game: 998
[ 11553, 3780, 6088, 5645 ]
Current game: 999
[ 11573, 3785, 6088, 5646 ]
Current game: 1000
[ [ 14, 6, 4, 2 ],
  [ 7, 18, 1, 0 ],
  [ 4, 0, 4, 18 ],
  [ 4, 13, 3, 6 ],
  [ 25, 0, 1, 0 ],
  [ 14, 9, 0, 3 ],
  [ 22, 4, 0, 0 ],
  [ 0, 1, 25, 0 ],
  [ 5, 19, 1, 1 ],
  [ 22, 0, 4, 0 ],
  [ 10, 0, 0, 16 ],
  [ 21, 0, 2, 3 ],
  [ 18, 0, 0, 8 ],
  [ 4, 4, 0, 18 ],
  [ 5, 2, 17, 2 ],
  [ 2, 9, 0, 15 ],
  [ 11, 1, 13, 1 ],
  [ 3, 4, 19, 0 ],
  [ 18, 0, 1, 7 ],
  [ 0, 0, 24, 2 ],
  [ 14, 2, 7, 3 ],
  [ 3, 14, 5, 4 ],
  [ 9, 1, 1, 15 ],
  [ 20, 0, 1, 5 ],
  [ 5, 16, 5, 0 ],
  [ 1, 16, 5, 4 ],
  [ 22, 0, 0, 4 ],
  [ 25, 1, 0, 0 ],
  [ 7, 5, 0, 14 ],
  [ 7, 18, 0, 1 ],
  [ 15, 4, 7, 0 ],
  [ 24, 0, 1, 1 ],
  [ 11, 1, 14, 0 ],
  [ 3, 5, 14, 4 ],
  [ 9, 2, 14, 1 ],
  [ 4, 1, 3, 18 ],
  [ 23, 2, 1, 0 ],
  [ 23, 3, 0, 0 ],
  [ 16, 4, 2, 4 ],
  [ 21, 0, 5, 0 ],
  [ 19, 4, 0, 3 ],
  [ 21, 4, 1, 0 ],
  [ 6, 0, 20, 0 ],
  [ 16, 3, 3, 4 ],
  [ 18, 4, 0, 4 ],
  [ 19, 1, 1, 5 ],
  [ 19, 1, 2, 4 ],
  [ 14, 0, 12, 0 ],
  [ 13, 4, 8, 1 ],
  [ 5, 0, 0, 21 ],
  [ 17, 4, 5, 0 ],
  [ 3, 0, 0, 23 ],
  [ 20, 0, 6, 0 ],
  [ 15, 4, 1, 6 ],
  [ 3, 0, 8, 15 ],
  [ 24, 1, 1, 0 ],
  [ 12, 0, 0, 14 ],
  [ 2, 14, 0, 10 ],
  [ 3, 0, 22, 1 ],
  [ 6, 19, 1, 0 ],
  [ 0, 18, 4, 4 ],
  [ 21, 1, 0, 4 ],
  [ 21, 4, 0, 1 ],
  [ 3, 7, 16, 0 ],
  [ 23, 1, 2, 0 ],
  [ 18, 1, 7, 0 ],
  [ 3, 5, 0, 18 ],
  [ 19, 0, 7, 0 ],
  [ 21, 5, 0, 0 ],
  [ 16, 0, 10, 0 ],
  [ 1, 4, 0, 21 ],
  [ 6, 0, 19, 1 ],
  [ 6, 0, 16, 4 ],
  [ 17, 1, 7, 1 ],
  [ 22, 4, 0, 0 ],
  [ 18, 0, 0, 8 ],
  [ 20, 0, 6, 0 ],
  [ 23, 1, 0, 2 ],
  [ 4, 1, 19, 2 ],
  [ 14, 4, 2, 6 ],
  [ 12, 0, 1, 13 ],
  [ 15, 8, 0, 3 ],
  [ 9, 3, 1, 13 ],
  [ 1, 0, 0, 25 ],
  [ 22, 0, 4, 0 ],
  [ 0, 1, 0, 25 ],
  [ 1, 0, 24, 1 ],
  [ 1, 12, 13, 0 ],
  [ 23, 1, 0, 2 ],
  [ 4, 0, 0, 22 ],
  [ 19, 1, 0, 6 ],
  [ 5, 0, 16, 5 ],
  [ 22, 2, 0, 2 ],
  [ 22, 0, 0, 4 ],
  [ 10, 16, 0, 0 ],
  [ 13, 7, 6, 0 ],
  [ 7, 1, 18, 0 ],
  [ 4, 0, 8, 14 ],
  [ 16, 5, 1, 4 ],
  [ 19, 5, 1, 1 ],
  [ 21, 5, 0, 0 ],
  [ 13, 0, 13, 0 ],
  [ 3, 0, 4, 19 ],
  [ 21, 0, 1, 4 ],
  [ 5, 0, 1, 20 ],
  [ 16, 0, 6, 4 ],
  [ 4, 17, 0, 5 ],
  [ 5, 13, 6, 2 ],
  [ 19, 1, 6, 0 ],
  [ 16, 6, 0, 4 ],
  [ 15, 0, 2, 9 ],
  [ 1, 1, 20, 4 ],
  [ 20, 0, 4, 2 ],
  [ 5, 0, 21, 0 ],
  [ 4, 0, 21, 1 ],
  [ 8, 1, 17, 0 ],
  [ 0, 5, 20, 1 ],
  [ 6, 0, 3, 17 ],
  [ 6, 0, 16, 4 ],
  [ 13, 0, 8, 5 ],
  [ 1, 0, 7, 18 ],
  [ 4, 0, 16, 6 ],
  [ 16, 8, 0, 2 ],
  [ 21, 0, 1, 4 ],
  [ 20, 1, 5, 0 ],
  [ 10, 2, 0, 14 ],
  [ 13, 1, 12, 0 ],
  [ 8, 15, 0, 3 ],
  [ 17, 0, 1, 8 ],
  [ 6, 1, 19, 0 ],
  [ 6, 2, 15, 3 ],
  [ 13, 1, 10, 2 ],
  [ 9, 3, 1, 13 ],
  [ 13, 0, 13, 0 ],
  [ 12, 0, 14, 0 ],
  [ 18, 1, 7, 0 ],
  [ 5, 0, 0, 21 ],
  [ 4, 2, 19, 1 ],
  [ 10, 1, 15, 0 ],
  [ 9, 13, 0, 4 ],
  [ 22, 3, 0, 1 ],
  [ 9, 1, 2, 14 ],
  [ 12, 0, 14, 0 ],
  [ 5, 4, 17, 0 ],
  [ 20, 4, 0, 2 ],
  [ 2, 14, 3, 7 ],
  [ 19, 2, 0, 5 ],
  [ 20, 5, 0, 1 ],
  [ 0, 0, 1, 25 ],
  [ 20, 3, 0, 3 ],
  [ 17, 0, 4, 5 ],
  [ 26, 0, 26, 26 ],
  [ 5, 7, 0, 14 ],
  [ 21, 4, 1, 0 ],
  [ 0, 26, 26, 26 ],
  [ 1, 0, 14, 11 ],
  [ 8, 0, 15, 3 ],
  [ 4, 15, 4, 3 ],
  [ 5, 0, 6, 15 ],
  [ 20, 4, 1, 1 ],
  [ 3, 15, 0, 8 ],
  [ 2, 3, 21, 0 ],
  [ 4, 2, 3, 17 ],
  [ 1, 0, 2, 23 ],
  [ 9, 13, 4, 0 ],
  [ 13, 11, 1, 1 ],
  [ 7, 4, 15, 0 ],
  [ 15, 0, 5, 6 ],
  [ 3, 0, 4, 19 ],
  [ 4, 0, 0, 22 ],
  [ 0, 0, 25, 1 ],
  [ 8, 5, 13, 0 ],
  [ 1, 0, 1, 24 ],
  [ 25, 0, 1, 0 ],
  [ 0, 7, 4, 15 ],
  [ 10, 0, 0, 16 ],
  [ 4, 0, 8, 14 ],
  [ 22, 2, 0, 2 ],
  [ 14, 11, 1, 0 ],
  [ 0, 0, 23, 3 ],
  [ 17, 4, 2, 3 ],
  [ 6, 1, 13, 6 ],
  [ 2, 14, 4, 6 ],
  [ 24, 0, 2, 0 ],
  [ 7, 1, 18, 0 ],
  [ 3, 0, 9, 14 ],
  [ 3, 0, 21, 2 ],
  [ 23, 3, 0, 0 ],
  [ 5, 1, 19, 1 ],
  [ 4, 15, 3, 4 ],
  [ 26, 0, 26, 26 ],
  [ 4, 1, 0, 21 ],
  [ 19, 0, 6, 1 ],
  [ 4, 4, 16, 2 ],
  [ 17, 3, 0, 6 ],
  [ 18, 0, 0, 8 ],
  [ 4, 1, 3, 18 ],
  [ 4, 14, 0, 8 ],
  [ 18, 4, 2, 2 ],
  [ 0, 4, 0, 22 ],
  [ 17, 9, 0, 0 ],
  [ 1, 13, 0, 12 ],
  [ 1, 0, 22, 3 ],
  [ 9, 15, 0, 2 ],
  [ 8, 0, 5, 13 ],
  [ 11, 0, 0, 15 ],
  [ 7, 5, 13, 1 ],
  [ 4, 0, 14, 8 ],
  [ 6, 1, 19, 0 ],
  [ 10, 1, 14, 1 ],
  [ 20, 4, 1, 1 ],
  [ 23, 0, 2, 1 ],
  [ 24, 0, 0, 2 ],
  [ 19, 0, 1, 6 ],
  [ 6, 0, 0, 20 ],
  [ 19, 0, 4, 3 ],
  [ 1, 5, 0, 20 ],
  [ 4, 22, 0, 0 ],
  [ 23, 3, 0, 0 ],
  [ 21, 4, 0, 1 ],
  [ 25, 1, 0, 0 ],
  [ 26, 26, 0, 26 ],
  [ 21, 0, 1, 4 ],
  [ 24, 2, 0, 0 ],
  [ 0, 4, 3, 19 ],
  [ 11, 15, 0, 0 ],
  [ 13, 13, 0, 0 ],
  [ 18, 3, 5, 0 ],
  [ 18, 0, 4, 4 ],
  [ 5, 3, 1, 17 ],
  [ 19, 0, 2, 5 ],
  [ 0, 10, 15, 1 ],
  [ 20, 6, 0, 0 ],
  [ 6, 0, 20, 0 ],
  [ 3, 6, 0, 17 ],
  [ 9, 2, 15, 0 ],
  [ 17, 0, 8, 1 ],
  [ 18, 4, 0, 4 ],
  [ 20, 4, 0, 2 ],
  [ 15, 0, 10, 1 ],
  [ 9, 2, 1, 14 ],
  [ 0, 16, 10, 0 ],
  [ 17, 0, 9, 0 ],
  [ 4, 13, 4, 5 ],
  [ 20, 0, 4, 2 ],
  [ 19, 3, 3, 1 ],
  [ 8, 0, 18, 0 ],
  [ 14, 0, 10, 2 ],
  [ 11, 0, 0, 15 ],
  [ 0, 13, 9, 4 ],
  [ 6, 20, 0, 0 ],
  [ 24, 2, 0, 0 ],
  [ 4, 4, 3, 15 ],
  [ 9, 2, 2, 13 ],
  [ 6, 3, 13, 4 ],
  [ 18, 0, 5, 3 ],
  [ 2, 14, 10, 0 ],
  [ 24, 0, 2, 0 ],
  [ 24, 2, 0, 0 ],
  [ 18, 2, 0, 6 ],
  [ 6, 2, 15, 3 ],
  [ 18, 0, 4, 4 ],
  [ 10, 3, 0, 13 ],
  [ 5, 3, 13, 5 ],
  [ 5, 3, 3, 15 ],
  [ 18, 0, 8, 0 ],
  [ 3, 7, 0, 16 ],
  [ 25, 0, 1, 0 ],
  [ 5, 2, 13, 6 ],
  [ 20, 0, 5, 1 ],
  [ 2, 13, 3, 8 ],
  [ 5, 3, 5, 13 ],
  [ 4, 0, 13, 9 ],
  [ 1, 0, 3, 22 ],
  [ 22, 4, 0, 0 ],
  [ 14, 8, 4, 0 ],
  [ 11, 0, 13, 2 ],
  [ 23, 2, 0, 1 ],
  [ 26, 0, 26, 26 ],
  [ 20, 4, 2, 0 ],
  [ 17, 0, 0, 9 ],
  [ 23, 3, 0, 0 ],
  [ 7, 18, 1, 0 ],
  [ 12, 0, 14, 0 ],
  [ 6, 1, 0, 19 ],
  [ 23, 0, 3, 0 ],
  [ 25, 0, 0, 1 ],
  [ 4, 1, 1, 20 ],
  [ 1, 3, 19, 3 ],
  [ 18, 6, 1, 1 ],
  [ 9, 0, 15, 2 ],
  [ 3, 4, 15, 4 ],
  [ 8, 0, 17, 1 ],
  [ 21, 4, 1, 0 ],
  [ 0, 1, 25, 0 ],
  [ 20, 0, 5, 1 ],
  [ 9, 0, 17, 0 ],
  [ 9, 0, 17, 0 ],
  [ 0, 1, 25, 0 ],
  [ 21, 0, 1, 4 ],
  [ 17, 0, 9, 0 ],
  [ 19, 0, 6, 1 ],
  [ 8, 0, 18, 0 ],
  [ 1, 1, 24, 0 ],
  [ 9, 0, 14, 3 ],
  [ 0, 2, 0, 24 ],
  [ 2, 8, 16, 0 ],
  [ 4, 3, 0, 19 ],
  [ 5, 4, 17, 0 ],
  [ 0, 0, 23, 3 ],
  [ 4, 15, 7, 0 ],
  [ 3, 13, 10, 0 ],
  [ 3, 4, 15, 4 ],
  [ 5, 15, 4, 2 ],
  [ 2, 0, 4, 20 ],
  [ 1, 1, 11, 13 ],
  [ 24, 0, 2, 0 ],
  [ 13, 3, 10, 0 ],
  [ 5, 17, 0, 4 ],
  [ 4, 15, 4, 3 ],
  [ 21, 3, 2, 0 ],
  [ 3, 4, 13, 6 ],
  [ 17, 4, 0, 5 ],
  [ 23, 1, 0, 2 ],
  [ 12, 13, 1, 0 ],
  [ 21, 5, 0, 0 ],
  [ 4, 0, 21, 1 ],
  [ 17, 1, 4, 4 ],
  [ 21, 4, 1, 0 ],
  [ 19, 4, 2, 1 ],
  [ 6, 14, 2, 4 ],
  [ 18, 6, 0, 2 ],
  [ 17, 6, 0, 3 ],
  [ 21, 3, 0, 2 ],
  [ 12, 0, 1, 13 ],
  [ 21, 5, 0, 0 ],
  [ 17, 2, 4, 3 ],
  [ 1, 6, 1, 18 ],
  [ 11, 1, 0, 14 ],
  [ 0, 26, 26, 26 ],
  [ 5, 0, 14, 7 ],
  [ 14, 1, 7, 4 ],
  [ 2, 5, 0, 19 ],
  [ 6, 1, 0, 19 ],
  [ 4, 16, 0, 6 ],
  [ 7, 18, 0, 1 ],
  [ 16, 7, 3, 0 ],
  [ 5, 4, 13, 4 ],
  [ 2, 24, 0, 0 ],
  [ 23, 3, 0, 0 ],
  [ 2, 0, 13, 11 ],
  [ 0, 22, 4, 0 ],
  [ 5, 0, 13, 8 ],
  [ 4, 0, 18, 4 ],
  [ 20, 6, 0, 0 ],
  [ 18, 0, 8, 0 ],
  [ 2, 13, 5, 6 ],
  [ 20, 0, 5, 1 ],
  [ 4, 15, 7, 0 ],
  [ 24, 2, 0, 0 ],
  [ 23, 3, 0, 0 ],
  [ 10, 2, 1, 13 ],
  [ 15, 0, 0, 11 ],
  [ 8, 0, 16, 2 ],
  [ 21, 0, 1, 4 ],
  [ 3, 0, 23, 0 ],
  [ 10, 1, 2, 13 ],
  [ 12, 0, 0, 14 ],
  [ 25, 1, 0, 0 ],
  [ 0, 0, 13, 13 ],
  [ 6, 6, 0, 14 ],
  [ 19, 4, 3, 0 ],
  [ 15, 0, 0, 11 ],
  [ 26, 0, 26, 26 ],
  [ 21, 0, 4, 1 ],
  [ 5, 1, 2, 18 ],
  [ 21, 0, 0, 5 ],
  [ 14, 0, 0, 12 ],
  [ 23, 0, 2, 1 ],
  [ 19, 6, 1, 0 ],
  [ 21, 4, 1, 0 ],
  [ 5, 0, 17, 4 ],
  [ 13, 1, 4, 8 ],
  [ 3, 0, 13, 10 ],
  [ 0, 4, 21, 1 ],
  [ 1, 16, 9, 0 ],
  [ 19, 4, 3, 0 ],
  [ 4, 0, 22, 0 ],
  [ 13, 1, 12, 0 ],
  [ 4, 0, 22, 0 ],
  [ 15, 3, 8, 0 ],
  [ 18, 1, 0, 7 ],
  [ 8, 5, 13, 0 ],
  [ 8, 2, 13, 3 ],
  [ 9, 0, 17, 0 ],
  [ 20, 4, 2, 0 ],
  [ 8, 0, 4, 14 ],
  [ 13, 0, 13, 0 ],
  [ 8, 13, 5, 0 ],
  [ 14, 0, 12, 0 ],
  [ 0, 1, 0, 25 ],
  [ 5, 0, 21, 0 ],
  [ 24, 0, 1, 1 ],
  [ 25, 1, 0, 0 ],
  [ 19, 4, 3, 0 ],
  [ 0, 26, 26, 26 ],
  [ 4, 2, 0, 20 ],
  [ 4, 6, 3, 13 ],
  [ 0, 26, 26, 26 ],
  [ 24, 2, 0, 0 ],
  [ 5, 13, 0, 8 ],
  [ 25, 1, 0, 0 ],
  [ 20, 2, 0, 4 ],
  [ 0, 0, 1, 25 ],
  [ 12, 0, 0, 14 ],
  [ 4, 1, 0, 21 ],
  [ 14, 0, 0, 12 ],
  [ 16, 0, 1, 9 ],
  [ 6, 0, 20, 0 ],
  [ 8, 0, 0, 18 ],
  [ 1, 13, 0, 12 ],
  [ 11, 0, 0, 15 ],
  [ 22, 2, 0, 2 ],
  [ 5, 0, 19, 2 ],
  [ 18, 6, 0, 2 ],
  [ 18, 1, 4, 3 ],
  [ 8, 4, 0, 14 ],
  [ 12, 1, 13, 0 ],
  [ 14, 3, 0, 9 ],
  [ 13, 2, 6, 5 ],
  [ 5, 1, 14, 6 ],
  [ 6, 16, 0, 4 ],
  [ 23, 3, 0, 0 ],
  [ 20, 0, 0, 6 ],
  [ 24, 0, 0, 2 ],
  [ 19, 4, 3, 0 ],
  [ 21, 0, 4, 1 ],
  [ 6, 4, 16, 0 ],
  [ 9, 13, 4, 0 ],
  [ 5, 2, 19, 0 ],
  [ 0, 7, 17, 2 ],
  [ 4, 4, 18, 0 ],
  [ 3, 4, 0, 19 ],
  [ 4, 18, 0, 4 ],
  [ 21, 4, 0, 1 ],
  [ 1, 21, 0, 4 ],
  [ 5, 0, 20, 1 ],
  [ 7, 0, 4, 15 ],
  [ 2, 13, 5, 6 ],
  [ 18, 1, 3, 4 ],
  [ 11, 0, 2, 13 ],
  [ 17, 0, 2, 7 ],
  [ 2, 21, 2, 1 ],
  [ 24, 0, 2, 0 ],
  [ 4, 0, 22, 0 ],
  [ 7, 0, 19, 0 ],
  [ 17, 5, 0, 4 ],
  [ 10, 0, 14, 2 ],
  [ 22, 2, 2, 0 ],
  [ 0, 14, 8, 4 ],
  [ 26, 0, 26, 26 ],
  [ 10, 3, 0, 13 ],
  [ 0, 1, 20, 5 ],
  [ 8, 14, 4, 0 ],
  [ 5, 0, 14, 7 ],
  [ 0, 0, 20, 6 ],
  [ 17, 4, 5, 0 ],
  [ 11, 0, 14, 1 ],
  [ 13, 0, 5, 8 ],
  [ 19, 0, 5, 2 ],
  [ 0, 0, 6, 20 ],
  [ 6, 2, 0, 18 ],
  [ 2, 0, 5, 19 ],
  [ 19, 6, 1, 0 ],
  [ 4, 6, 13, 3 ],
  [ 11, 0, 1, 14 ],
  [ 5, 1, 0, 20 ],
  [ 3, 2, 15, 6 ],
  [ 7, 17, 0, 2 ],
  [ 20, 1, 3, 2 ],
  [ 15, 4, 0, 7 ],
  [ 17, 1, 0, 8 ],
  [ 23, 0, 0, 3 ],
  [ 21, 0, 4, 1 ],
  [ 19, 3, 0, 4 ],
  [ 2, 1, 0, 23 ],
  [ 11, 15, 0, 0 ],
  [ 16, 0, 0, 10 ],
  [ 6, 2, 2, 16 ],
  [ 14, 0, 11, 1 ],
  [ 26, 0, 26, 26 ],
  [ 6, 18, 0, 2 ],
  [ 12, 14, 0, 0 ],
  [ 0, 4, 22, 0 ],
  [ 13, 0, 8, 5 ],
  [ 14, 5, 4, 3 ],
  [ 23, 0, 1, 2 ],
  [ 17, 0, 0, 9 ],
  [ 14, 11, 1, 0 ],
  [ 4, 1, 0, 21 ],
  [ 18, 0, 2, 6 ],
  [ 26, 0, 26, 26 ],
  [ 14, 7, 5, 0 ],
  [ 13, 13, 0, 0 ],
  [ 17, 0, 5, 4 ],
  [ 5, 5, 16, 0 ],
  [ 1, 1, 0, 24 ],
  [ 24, 0, 2, 0 ],
  [ 5, 0, 21, 0 ],
  [ 10, 15, 0, 1 ],
  [ 12, 0, 0, 14 ],
  [ 0, 3, 23, 0 ],
  [ 25, 0, 0, 1 ],
  [ 15, 0, 1, 10 ],
  [ 2, 4, 0, 20 ],
  [ 9, 0, 17, 0 ],
  [ 8, 4, 0, 14 ],
  [ 19, 0, 1, 6 ],
  [ 13, 2, 10, 1 ],
  [ 15, 8, 3, 0 ],
  [ 16, 0, 5, 5 ],
  [ 21, 1, 4, 0 ],
  [ 10, 0, 15, 1 ],
  [ 19, 0, 3, 4 ],
  [ 9, 0, 0, 17 ],
  [ 18, 0, 1, 7 ],
  [ 24, 2, 0, 0 ],
  [ 22, 4, 0, 0 ],
  [ 9, 0, 16, 1 ],
  [ 20, 5, 1, 0 ],
  [ 14, 0, 0, 12 ],
  [ 0, 7, 18, 1 ],
  [ 6, 0, 14, 6 ],
  [ 10, 0, 16, 0 ],
  [ 18, 0, 4, 4 ],
  [ 1, 21, 0, 4 ],
  [ 4, 2, 4, 16 ],
  [ 5, 0, 21, 0 ],
  [ 18, 5, 3, 0 ],
  [ 0, 26, 26, 26 ],
  [ 22, 1, 3, 0 ],
  [ 13, 13, 0, 0 ],
  [ 20, 1, 0, 5 ],
  [ 4, 17, 4, 1 ],
  [ 6, 1, 19, 0 ],
  [ 2, 24, 0, 0 ],
  [ 20, 0, 3, 3 ],
  [ 15, 4, 7, 0 ],
  [ 5, 0, 17, 4 ],
  [ 22, 2, 0, 2 ],
  [ 4, 14, 4, 4 ],
  [ 22, 1, 1, 2 ],
  [ 20, 0, 6, 0 ],
  [ 10, 0, 0, 16 ],
  [ 13, 0, 11, 2 ],
  [ 16, 6, 2, 2 ],
  [ 4, 13, 0, 9 ],
  [ 22, 0, 4, 0 ],
  [ 8, 18, 0, 0 ],
  [ 21, 0, 4, 1 ],
  [ 22, 4, 0, 0 ],
  [ 13, 0, 13, 0 ],
  [ 14, 3, 5, 4 ],
  [ 4, 14, 7, 1 ],
  [ 17, 8, 1, 0 ],
  [ 18, 0, 0, 8 ],
  [ 13, 2, 4, 7 ],
  [ 2, 10, 1, 13 ],
  [ 24, 0, 2, 0 ],
  [ 4, 1, 0, 21 ],
  [ 4, 13, 0, 9 ],
  [ 5, 15, 6, 0 ],
  [ 0, 21, 5, 0 ],
  [ 7, 0, 13, 6 ],
  [ 5, 0, 15, 6 ],
  [ 13, 0, 13, 0 ],
  [ 6, 0, 1, 19 ],
  [ 18, 5, 1, 2 ],
  [ 14, 2, 4, 6 ],
  [ 11, 15, 0, 0 ],
  [ 24, 2, 0, 0 ],
  [ 9, 0, 0, 17 ],
  [ 18, 1, 1, 6 ],
  [ 22, 0, 4, 0 ],
  [ 8, 1, 17, 0 ],
  [ 7, 0, 13, 6 ],
  [ 16, 0, 6, 4 ],
  [ 17, 7, 0, 2 ],
  [ 5, 0, 13, 8 ],
  [ 6, 1, 2, 17 ],
  [ 13, 5, 7, 1 ],
  [ 18, 4, 0, 4 ],
  [ 7, 5, 1, 13 ],
  [ 11, 0, 13, 2 ],
  [ 6, 0, 19, 1 ],
  [ 22, 0, 3, 1 ],
  [ 13, 0, 13, 0 ],
  [ 4, 14, 2, 6 ],
  [ 24, 0, 0, 2 ],
  [ 18, 5, 3, 0 ],
  [ 19, 2, 1, 4 ],
  [ 13, 0, 0, 13 ],
  [ 17, 0, 5, 4 ],
  [ 20, 0, 2, 4 ],
  [ 5, 4, 17, 0 ],
  [ 16, 0, 0, 10 ],
  [ 25, 0, 1, 0 ],
  [ 14, 0, 11, 1 ],
  [ 21, 3, 0, 2 ],
  [ 5, 0, 0, 21 ],
  [ 5, 0, 21, 0 ],
  [ 10, 2, 14, 0 ],
  [ 16, 0, 0, 10 ],
  [ 19, 4, 0, 3 ],
  [ 20, 0, 6, 0 ],
  [ 7, 1, 0, 18 ],
  [ 4, 1, 20, 1 ],
  [ 22, 3, 0, 1 ],
  [ 17, 1, 8, 0 ],
  [ 18, 2, 0, 6 ],
  [ 21, 0, 5, 0 ],
  [ 17, 9, 0, 0 ],
  [ 8, 0, 15, 3 ],
  [ 3, 0, 20, 3 ],
  [ 6, 0, 0, 20 ],
  [ 8, 1, 14, 3 ],
  [ 25, 1, 0, 0 ],
  [ 13, 13, 0, 0 ],
  [ 3, 1, 0, 22 ],
  [ 24, 0, 2, 0 ],
  [ 18, 1, 7, 0 ],
  [ 0, 4, 5, 17 ],
  [ 4, 4, 14, 4 ],
  [ 6, 19, 0, 1 ],
  [ 23, 0, 1, 2 ],
  [ 4, 7, 0, 15 ],
  [ 23, 0, 2, 1 ],
  [ 4, 0, 0, 22 ],
  [ 22, 1, 1, 2 ],
  [ 25, 1, 0, 0 ],
  [ 0, 3, 23, 0 ],
  [ 12, 1, 13, 0 ],
  [ 9, 0, 0, 17 ],
  [ 17, 8, 0, 1 ],
  [ 5, 0, 21, 0 ],
  [ 24, 1, 0, 1 ],
  [ 4, 4, 18, 0 ],
  [ 7, 3, 16, 0 ],
  [ 20, 1, 5, 0 ],
  [ 23, 2, 0, 1 ],
  [ 0, 4, 17, 5 ],
  [ 0, 7, 15, 4 ],
  [ 16, 5, 0, 5 ],
  [ 21, 3, 0, 2 ],
  [ 3, 1, 16, 6 ],
  [ 16, 4, 6, 0 ],
  [ 4, 0, 18, 4 ],
  [ 0, 4, 0, 22 ],
  [ 4, 3, 5, 14 ],
  [ 4, 5, 17, 0 ],
  [ 23, 0, 1, 2 ],
  [ 18, 0, 4, 4 ],
  [ 16, 0, 6, 4 ],
  [ 17, 3, 5, 1 ],
  [ 22, 0, 1, 3 ],
  [ 19, 0, 2, 5 ],
  [ 19, 0, 1, 6 ],
  [ 25, 0, 0, 1 ],
  [ 1, 14, 2, 9 ],
  [ 16, 9, 0, 1 ],
  [ 7, 0, 13, 6 ],
  [ 6, 1, 19, 0 ],
  [ 18, 2, 1, 5 ],
  [ 5, 21, 0, 0 ],
  [ 1, 1, 11, 13 ],
  [ 21, 4, 0, 1 ],
  [ 17, 4, 4, 1 ],
  [ 7, 0, 19, 0 ],
  [ 20, 0, 0, 6 ],
  [ 20, 0, 5, 1 ],
  [ 19, 6, 1, 0 ],
  [ 18, 8, 0, 0 ],
  [ 4, 14, 4, 4 ],
  [ 20, 6, 0, 0 ],
  [ 3, 0, 10, 13 ],
  [ 13, 4, 0, 9 ],
  [ 23, 0, 3, 0 ],
  [ 17, 6, 3, 0 ],
  [ 5, 0, 3, 18 ],
  [ 24, 2, 0, 0 ],
  [ 0, 4, 22, 0 ],
  [ 23, 1, 0, 2 ],
  [ 19, 6, 0, 1 ],
  [ 16, 10, 0, 0 ],
  [ 13, 0, 13, 0 ],
  [ 6, 0, 1, 19 ],
  [ 7, 19, 0, 0 ],
  [ 8, 18, 0, 0 ],
  [ 17, 4, 5, 0 ],
  [ 4, 14, 8, 0 ],
  [ 8, 14, 4, 0 ],
  [ 23, 3, 0, 0 ],
  [ 18, 0, 0, 8 ],
  [ 4, 4, 4, 14 ],
  [ 24, 0, 0, 2 ],
  [ 23, 1, 0, 2 ],
  [ 8, 3, 15, 0 ],
  [ 20, 0, 2, 4 ],
  [ 18, 0, 2, 6 ],
  [ 24, 1, 0, 1 ],
  [ 21, 4, 1, 0 ],
  [ 20, 0, 3, 3 ],
  [ 3, 23, 0, 0 ],
  [ 4, 3, 3, 16 ],
  [ 23, 3, 0, 0 ],
  [ 11, 2, 13, 0 ],
  [ 10, 1, 15, 0 ],
  [ 12, 0, 14, 0 ],
  [ 15, 6, 1, 4 ],
  [ 21, 5, 0, 0 ],
  [ 23, 1, 0, 2 ],
  [ 22, 1, 0, 3 ],
  [ 5, 16, 0, 5 ],
  [ 17, 1, 7, 1 ],
  [ 19, 0, 0, 7 ],
  [ 25, 1, 0, 0 ],
  [ 25, 0, 1, 0 ],
  [ 23, 1, 0, 2 ],
  [ 13, 0, 0, 13 ],
  [ 0, 4, 7, 15 ],
  [ 4, 0, 18, 4 ],
  [ 5, 0, 1, 20 ],
  [ 3, 14, 4, 5 ],
  [ 20, 0, 6, 0 ],
  [ 14, 0, 0, 12 ],
  [ 26, 0, 26, 26 ],
  [ 4, 4, 14, 4 ],
  [ 20, 0, 2, 4 ],
  [ 14, 5, 6, 1 ],
  [ 17, 0, 8, 1 ],
  [ 3, 4, 5, 14 ],
  [ 1, 0, 21, 4 ],
  [ 5, 5, 16, 0 ],
  [ 7, 5, 0, 14 ],
  [ 21, 0, 0, 5 ],
  [ 21, 0, 1, 4 ],
  [ 17, 0, 0, 9 ],
  [ 17, 0, 7, 2 ],
  [ 0, 0, 25, 1 ],
  [ 25, 0, 0, 1 ],
  [ 8, 0, 0, 18 ],
  [ 3, 2, 7, 14 ],
  [ 4, 5, 17, 0 ],
  [ 8, 17, 0, 1 ],
  [ 18, 0, 3, 5 ],
  [ 5, 0, 21, 0 ],
  [ 17, 4, 5, 0 ],
  [ 4, 0, 5, 17 ],
  [ 4, 13, 7, 2 ],
  [ 2, 3, 13, 8 ],
  [ 6, 0, 19, 1 ],
  [ 1, 0, 0, 25 ],
  [ 24, 2, 0, 0 ],
  [ 4, 8, 13, 1 ],
  [ 0, 2, 6, 18 ],
  [ 6, 4, 3, 13 ],
  [ 5, 0, 21, 0 ],
  [ 6, 0, 0, 20 ],
  [ 1, 4, 0, 21 ],
  [ 20, 0, 0, 6 ],
  [ 4, 1, 4, 17 ],
  [ 20, 0, 4, 2 ],
  [ 22, 0, 0, 4 ],
  [ 11, 0, 1, 14 ],
  [ 9, 0, 0, 17 ],
  [ 21, 0, 3, 2 ],
  [ 21, 5, 0, 0 ],
  [ 0, 3, 5, 18 ],
  [ 1, 0, 19, 6 ],
  [ 3, 0, 23, 0 ],
  [ 11, 0, 15, 0 ],
  [ 17, 0, 0, 9 ],
  [ 22, 3, 1, 0 ],
  [ 6, 0, 0, 20 ],
  [ 8, 4, 1, 13 ],
  [ 13, 0, 0, 13 ],
  [ 13, 0, 0, 13 ],
  [ 20, 0, 2, 4 ],
  [ 19, 0, 4, 3 ],
  [ 15, 1, 10, 0 ],
  [ 2, 1, 0, 23 ],
  [ 19, 7, 0, 0 ],
  [ 4, 0, 15, 7 ],
  [ 17, 4, 4, 1 ],
  [ 14, 1, 1, 10 ],
  [ 0, 0, 16, 10 ],
  [ 1, 0, 3, 22 ],
  [ 2, 1, 13, 10 ],
  [ 14, 0, 9, 3 ],
  [ 8, 13, 4, 1 ],
  [ 19, 0, 4, 3 ],
  [ 4, 0, 21, 1 ],
  [ 6, 6, 13, 1 ],
  [ 11, 1, 13, 1 ],
  [ 8, 0, 17, 1 ],
  [ 23, 3, 0, 0 ],
  [ 9, 13, 4, 0 ],
  [ 21, 0, 0, 5 ],
  [ 0, 0, 3, 23 ],
  [ 16, 5, 0, 5 ],
  [ 14, 5, 4, 3 ],
  [ 8, 0, 1, 17 ],
  [ 0, 26, 26, 26 ],
  [ 21, 0, 1, 4 ],
  [ 22, 4, 0, 0 ],
  [ 22, 0, 4, 0 ],
  [ 24, 1, 1, 0 ],
  [ 4, 0, 8, 14 ],
  [ 22, 0, 2, 2 ],
  [ 19, 7, 0, 0 ],
  [ 6, 14, 6, 0 ],
  [ 1, 0, 4, 21 ],
  [ 21, 0, 5, 0 ],
  [ 5, 0, 5, 16 ],
  [ 21, 1, 0, 4 ],
  [ 0, 26, 26, 26 ],
  [ 8, 0, 18, 0 ],
  [ 1, 0, 25, 0 ],
  [ 9, 13, 0, 4 ],
  [ 1, 0, 24, 1 ],
  [ 22, 0, 0, 4 ],
  [ 0, 0, 25, 1 ],
  [ 1, 0, 17, 8 ],
  [ 10, 0, 1, 15 ],
  [ 7, 3, 0, 16 ],
  [ 3, 7, 0, 16 ],
  [ 0, 17, 9, 0 ],
  [ 4, 1, 4, 17 ],
  [ 0, 2, 11, 13 ],
  [ 5, 13, 0, 8 ],
  [ 0, 4, 18, 4 ],
  [ 22, 3, 1, 0 ],
  [ 5, 0, 21, 0 ],
  [ 12, 0, 13, 1 ],
  [ 0, 8, 18, 0 ],
  [ 0, 26, 26, 26 ],
  [ 0, 8, 13, 5 ],
  [ 7, 0, 14, 5 ],
  [ 0, 1, 24, 1 ],
  [ 25, 0, 0, 1 ],
  [ 17, 0, 3, 6 ],
  [ 13, 4, 2, 7 ],
  [ 1, 0, 25, 0 ],
  [ 25, 0, 0, 1 ],
  [ 9, 0, 0, 17 ],
  [ 4, 1, 18, 3 ],
  [ 23, 0, 1, 2 ],
  [ 17, 0, 0, 9 ],
  [ 16, 4, 2, 4 ],
  [ 0, 0, 13, 13 ],
  [ 4, 0, 15, 7 ],
  [ 0, 22, 4, 0 ],
  [ 4, 1, 15, 6 ],
  [ 5, 6, 15, 0 ],
  [ 19, 0, 2, 5 ],
  [ 18, 0, 4, 4 ],
  [ 0, 1, 17, 8 ],
  [ 3, 5, 2, 16 ],
  [ 2, 1, 8, 15 ],
  [ 6, 0, 1, 19 ],
  [ 2, 24, 0, 0 ],
  [ 4, 1, 0, 21 ],
  [ 23, 2, 0, 1 ],
  [ 12, 0, 0, 14 ],
  [ 14, 4, 7, 1 ],
  [ 24, 0, 0, 2 ],
  [ 11, 0, 2, 13 ],
  [ 18, 1, 5, 2 ],
  [ 26, 0, 26, 26 ],
  [ 13, 7, 5, 1 ],
  [ 5, 0, 4, 17 ],
  [ 19, 1, 2, 4 ],
  [ 25, 0, 1, 0 ],
  [ 18, 1, 0, 7 ],
  [ 17, 3, 4, 2 ],
  [ 6, 3, 0, 17 ],
  [ 16, 0, 7, 3 ],
  [ 1, 0, 0, 25 ],
  [ 7, 1, 14, 4 ],
  [ 2, 4, 20, 0 ],
  [ 5, 7, 14, 0 ],
  [ 23, 3, 0, 0 ],
  [ 0, 17, 1, 8 ],
  [ 15, 0, 7, 4 ],
  [ 20, 3, 0, 3 ],
  [ 0, 3, 14, 9 ],
  [ 0, 4, 19, 3 ],
  [ 2, 18, 2, 4 ],
  [ 5, 3, 1, 17 ],
  [ 1, 13, 12, 0 ],
  [ 8, 4, 0, 14 ],
  [ 1, 0, 25, 0 ],
  [ 6, 5, 0, 15 ],
  [ 6, 5, 2, 13 ],
  [ 21, 1, 1, 3 ],
  [ 22, 4, 0, 0 ],
  [ 3, 20, 3, 0 ],
  [ 26, 26, 26, 0 ],
  [ 3, 19, 4, 0 ],
  [ 6, 1, 4, 15 ],
  [ 1, 8, 14, 3 ],
  [ 2, 15, 1, 8 ],
  [ 1, 5, 19, 1 ],
  [ 21, 0, 3, 2 ],
  [ 8, 0, 18, 0 ],
  [ 12, 13, 0, 1 ],
  [ 21, 1, 1, 3 ],
  [ 5, 0, 13, 8 ],
  [ 21, 0, 3, 2 ],
  [ 24, 1, 0, 1 ],
  [ 0, 26, 26, 26 ],
  [ 4, 0, 22, 0 ],
  [ 17, 4, 4, 1 ],
  [ 12, 14, 0, 0 ],
  [ 12, 0, 0, 14 ],
  [ 16, 3, 0, 7 ],
  [ 7, 1, 18, 0 ],
  [ 25, 0, 1, 0 ],
  [ 4, 4, 0, 18 ],
  [ 9, 4, 0, 13 ],
  [ 4, 0, 21, 1 ],
  [ 18, 4, 3, 1 ],
  [ 16, 9, 1, 0 ],
  [ 22, 0, 0, 4 ],
  [ 1, 0, 5, 20 ],
  [ 0, 11, 13, 2 ],
  [ 23, 3, 0, 0 ],
  [ 7, 0, 1, 18 ],
  [ 7, 4, 13, 2 ],
  [ 20, 6, 0, 0 ],
  [ 10, 0, 13, 3 ],
  [ 19, 0, 1, 6 ],
  [ 2, 9, 0, 15 ],
  [ 22, 4, 0, 0 ],
  [ 23, 0, 2, 1 ],
  [ 4, 8, 0, 14 ],
  [ 0, 1, 14, 11 ],
  [ 8, 17, 1, 0 ],
  [ 8, 4, 14, 0 ],
  [ 25, 1, 0, 0 ],
  [ 23, 2, 0, 1 ],
  [ 9, 2, 1, 14 ],
  [ 21, 5, 0, 0 ],
  [ 17, 2, 7, 0 ],
  [ 20, 0, 2, 4 ],
  [ 8, 0, 4, 14 ],
  [ 11, 0, 15, 0 ],
  [ 18, 4, 2, 2 ],
  [ 20, 0, 2, 4 ],
  [ 6, 0, 0, 20 ],
  [ 16, 3, 7, 0 ],
  [ 5, 0, 13, 8 ],
  [ 19, 4, 3, 0 ],
  [ 21, 0, 5, 0 ],
  [ 9, 0, 0, 17 ],
  [ 17, 4, 1, 4 ],
  [ 3, 15, 8, 0 ],
  [ 6, 7, 13, 0 ],
  [ 8, 0, 1, 17 ],
  [ 19, 0, 0, 7 ],
  [ 21, 1, 4, 0 ],
  [ 2, 17, 0, 7 ],
  [ 9, 15, 0, 2 ],
  [ 8, 0, 18, 0 ],
  [ 11, 0, 0, 15 ],
  [ 18, 2, 6, 0 ],
  [ 21, 1, 4, 0 ],
  [ 17, 4, 0, 5 ],
  [ 0, 25, 1, 0 ],
  [ 13, 13, 0, 0 ],
  [ 4, 4, 2, 16 ],
  [ 16, 0, 10, 0 ],
  [ 25, 0, 0, 1 ],
  [ 9, 14, 0, 3 ],
  [ 10, 0, 0, 16 ],
  [ 21, 2, 3, 0 ],
  [ 5, 6, 0, 15 ],
  [ 13, 0, 3, 10 ],
  [ 5, 0, 21, 0 ],
  [ 0, 26, 26, 26 ],
  [ 16, 3, 5, 2 ],
  [ 20, 2, 0, 4 ],
  [ 8, 4, 14, 0 ],
  [ 2, 24, 0, 0 ],
  [ 7, 0, 0, 19 ],
  [ 0, 4, 22, 0 ],
  [ 13, 4, 2, 7 ],
  [ 0, 8, 17, 1 ],
  [ 3, 13, 5, 5 ],
  [ 20, 5, 0, 1 ] ]
sums:  [ 11573, 3785, 6088, 5646 ]
